2025-08-09 08:44:13 - app.core.risk.risk_calculator - INFO - logger.py:204 - [LOG] Logger initialized for app.core.risk.risk_calculator (component: trading)
2025-08-09 08:46:19 - app.core.risk.risk_calculator - INFO - logger.py:204 - [LOG] Logger initialized for app.core.risk.risk_calculator (component: trading)
2025-08-09 08:47:55 - app.core.risk.risk_calculator - INFO - logger.py:204 - [LOG] Logger initialized for app.core.risk.risk_calculator (component: trading)
2025-08-09 08:48:49 - app.core.risk.risk_calculator - INFO - logger.py:204 - [LOG] Logger initialized for app.core.risk.risk_calculator (component: trading)
2025-08-09 08:50:09 - app.core.risk.risk_calculator - INFO - logger.py:204 - [LOG] Logger initialized for app.core.risk.risk_calculator (component: trading)
2025-08-09 08:57:22 - app.core.risk.risk_calculator - INFO - logger.py:204 - [LOG] Logger initialized for app.core.risk.risk_calculator (component: trading)
2025-08-09 08:58:54 - app.core.risk.risk_calculator - INFO - logger.py:204 - [LOG] Logger initialized for app.core.risk.risk_calculator (component: trading)
2025-08-09 08:58:55 - app.core.trading.transaction_executor - INFO - logger.py:204 - [LOG] Logger initialized for app.core.trading.transaction_executor (component: trading)
2025-08-09 08:58:55 - app.core.trading.transaction_executor - INFO - transaction_executor.py:223 - [ZAP] Transaction executor initialized
2025-08-09 08:58:55 - app.core.wallet.wallet_manager - INFO - logger.py:204 - [LOG] Logger initialized for app.core.wallet.wallet_manager (component: trading)
2025-08-09 08:59:47 - app.core.risk.risk_calculator - INFO - logger.py:204 - [LOG] Logger initialized for app.core.risk.risk_calculator (component: trading)
2025-08-09 08:59:48 - app.core.trading.transaction_executor - INFO - logger.py:204 - [LOG] Logger initialized for app.core.trading.transaction_executor (component: trading)
2025-08-09 08:59:49 - app.core.trading.transaction_executor - INFO - transaction_executor.py:223 - [ZAP] Transaction executor initialized
2025-08-09 08:59:49 - app.core.wallet.wallet_manager - INFO - logger.py:204 - [LOG] Logger initialized for app.core.wallet.wallet_manager (component: trading)
2025-08-09 09:00:44 - app.core.risk.risk_calculator - INFO - logger.py:204 - [LOG] Logger initialized for app.core.risk.risk_calculator (component: trading)
2025-08-09 09:00:46 - app.core.trading.transaction_executor - INFO - logger.py:204 - [LOG] Logger initialized for app.core.trading.transaction_executor (component: trading)
2025-08-09 09:00:46 - app.core.trading.transaction_executor - INFO - transaction_executor.py:223 - [ZAP] Transaction executor initialized
2025-08-09 09:00:46 - app.core.wallet.wallet_manager - INFO - logger.py:204 - [LOG] Logger initialized for app.core.wallet.wallet_manager (component: trading)
2025-08-09 09:00:46 - app.core.dex.dex_integration - INFO - logger.py:204 - [LOG] Logger initialized for app.core.dex.dex_integration (component: trading)
2025-08-09 09:00:46 - app.core.trading.trading_engine - INFO - logger.py:204 - [LOG] Logger initialized for app.core.trading.trading_engine (component: trading)
2025-08-09 09:00:47 - app.core.trading.transaction_executor - INFO - transaction_executor.py:223 - [ZAP] Transaction executor initialized
2025-08-09 09:00:47 - app.core.trading.trading_engine - INFO - trading_engine.py:255 - Trading Engine initialized for ethereum
