2025-08-09 08:11:31 - test.windows - INFO - test_windows_logging.py:27 - [TARGET] Testing Windows-compatible logging system
2025-08-09 08:11:31 - test.windows - WARNING - test_windows_logging.py:28 - [WARN] This is a test warning
2025-08-09 08:11:31 - test.windows - ERROR - test_windows_logging.py:29 - [ERROR] This is a test error
2025-08-09 08:37:20 - app.core.config.settings_manager - INFO - logger.py:204 - [LOG] Logger initialized for app.core.config.settings_manager (component: application)
2025-08-09 08:39:44 - app.core.config.settings_manager - INFO - logger.py:204 - [LOG] Logger initialized for app.core.config.settings_manager (component: application)
2025-08-09 08:40:08 - app.core.config.settings_manager - INFO - logger.py:204 - [LOG] Logger initialized for app.core.config.settings_manager (component: application)
2025-08-09 08:44:06 - test - INFO - logger.py:204 - [LOG] Logger initialized for test (component: application)
2025-08-09 08:44:07 - app.core.config.settings_manager - INFO - logger.py:204 - [LOG] Logger initialized for app.core.config.settings_manager (component: application)
2025-08-09 08:44:12 - app.core.config.settings_manager - INFO - logger.py:204 - [LOG] Logger initialized for app.core.config.settings_manager (component: application)
2025-08-09 08:44:13 - app.core.performance.circuit_breaker - INFO - logger.py:204 - [LOG] Logger initialized for app.core.performance.circuit_breaker (component: application)
2025-08-09 08:44:13 - app.core.performance.cache_manager - INFO - logger.py:204 - [LOG] Logger initialized for app.core.performance.cache_manager (component: application)
2025-08-09 08:46:18 - app.core.config.settings_manager - INFO - logger.py:204 - [LOG] Logger initialized for app.core.config.settings_manager (component: application)
2025-08-09 08:46:19 - app.core.performance.circuit_breaker - INFO - logger.py:204 - [LOG] Logger initialized for app.core.performance.circuit_breaker (component: application)
2025-08-09 08:47:54 - app.core.config.settings_manager - INFO - logger.py:204 - [LOG] Logger initialized for app.core.config.settings_manager (component: application)
2025-08-09 08:47:55 - app.core.blockchain.base_chain - INFO - logger.py:204 - [LOG] Logger initialized for app.core.blockchain.base_chain (component: application)
2025-08-09 08:47:55 - app.core.performance.circuit_breaker - INFO - logger.py:204 - [LOG] Logger initialized for app.core.performance.circuit_breaker (component: application)
2025-08-09 08:47:55 - app.core.ai.risk_assessor - INFO - logger.py:204 - [LOG] Logger initialized for app.core.ai.risk_assessor (component: application)
2025-08-09 08:48:48 - app.core.config.settings_manager - INFO - logger.py:204 - [LOG] Logger initialized for app.core.config.settings_manager (component: application)
2025-08-09 08:48:49 - app.core.blockchain.base_chain - INFO - logger.py:204 - [LOG] Logger initialized for app.core.blockchain.base_chain (component: application)
2025-08-09 08:48:49 - app.core.performance.circuit_breaker - INFO - logger.py:204 - [LOG] Logger initialized for app.core.performance.circuit_breaker (component: application)
2025-08-09 08:48:49 - app.core.ai.risk_assessor - INFO - logger.py:204 - [LOG] Logger initialized for app.core.ai.risk_assessor (component: application)
2025-08-09 08:50:08 - app.core.config.settings_manager - INFO - logger.py:204 - [LOG] Logger initialized for app.core.config.settings_manager (component: application)
2025-08-09 08:50:09 - app.core.blockchain.base_chain - INFO - logger.py:204 - [LOG] Logger initialized for app.core.blockchain.base_chain (component: application)
2025-08-09 08:50:09 - app.core.performance.circuit_breaker - INFO - logger.py:204 - [LOG] Logger initialized for app.core.performance.circuit_breaker (component: application)
2025-08-09 08:50:09 - app.core.ai.risk_assessor - INFO - logger.py:204 - [LOG] Logger initialized for app.core.ai.risk_assessor (component: application)
2025-08-09 08:50:10 - app.core.ai.honeypot_detector - INFO - logger.py:204 - [LOG] Logger initialized for app.core.ai.honeypot_detector (component: application)
2025-08-09 08:57:21 - app.core.config.settings_manager - INFO - logger.py:204 - [LOG] Logger initialized for app.core.config.settings_manager (component: application)
2025-08-09 08:57:22 - app.core.blockchain.base_chain - INFO - logger.py:204 - [LOG] Logger initialized for app.core.blockchain.base_chain (component: application)
2025-08-09 08:57:22 - app.core.performance.circuit_breaker - INFO - logger.py:204 - [LOG] Logger initialized for app.core.performance.circuit_breaker (component: application)
2025-08-09 08:57:22 - app.core.ai.risk_assessor - INFO - logger.py:204 - [LOG] Logger initialized for app.core.ai.risk_assessor (component: application)
2025-08-09 08:57:22 - app.core.ai.honeypot_detector - INFO - logger.py:204 - [LOG] Logger initialized for app.core.ai.honeypot_detector (component: application)
2025-08-09 08:57:22 - app.core.ai.predictive_analytics - INFO - logger.py:204 - [LOG] Logger initialized for app.core.ai.predictive_analytics (component: application)
2025-08-09 08:57:23 - app.core.websocket.websocket_manager - INFO - logger.py:204 - [LOG] Logger initialized for app.core.websocket.websocket_manager (component: application)
2025-08-09 08:58:53 - app.core.config.settings_manager - INFO - logger.py:204 - [LOG] Logger initialized for app.core.config.settings_manager (component: application)
2025-08-09 08:58:54 - app.core.blockchain.base_chain - INFO - logger.py:204 - [LOG] Logger initialized for app.core.blockchain.base_chain (component: application)
2025-08-09 08:58:54 - app.core.performance.circuit_breaker - INFO - logger.py:204 - [LOG] Logger initialized for app.core.performance.circuit_breaker (component: application)
2025-08-09 08:58:54 - app.core.ai.risk_assessor - INFO - logger.py:204 - [LOG] Logger initialized for app.core.ai.risk_assessor (component: application)
2025-08-09 08:58:54 - app.core.ai.honeypot_detector - INFO - logger.py:204 - [LOG] Logger initialized for app.core.ai.honeypot_detector (component: application)
2025-08-09 08:58:54 - app.core.ai.predictive_analytics - INFO - logger.py:204 - [LOG] Logger initialized for app.core.ai.predictive_analytics (component: application)
2025-08-09 08:58:54 - app.core.websocket.websocket_manager - INFO - logger.py:204 - [LOG] Logger initialized for app.core.websocket.websocket_manager (component: application)
2025-08-09 08:58:54 - app.core.websocket.websocket_manager - INFO - websocket_manager.py:95 - [OK] WebSocket Manager initialized
2025-08-09 08:59:46 - app.core.config.settings_manager - INFO - logger.py:204 - [LOG] Logger initialized for app.core.config.settings_manager (component: application)
2025-08-09 08:59:47 - app.core.blockchain.base_chain - INFO - logger.py:204 - [LOG] Logger initialized for app.core.blockchain.base_chain (component: application)
2025-08-09 08:59:47 - app.core.performance.circuit_breaker - INFO - logger.py:204 - [LOG] Logger initialized for app.core.performance.circuit_breaker (component: application)
2025-08-09 08:59:47 - app.core.ai.risk_assessor - INFO - logger.py:204 - [LOG] Logger initialized for app.core.ai.risk_assessor (component: application)
2025-08-09 08:59:47 - app.core.ai.honeypot_detector - INFO - logger.py:204 - [LOG] Logger initialized for app.core.ai.honeypot_detector (component: application)
2025-08-09 08:59:47 - app.core.ai.predictive_analytics - INFO - logger.py:204 - [LOG] Logger initialized for app.core.ai.predictive_analytics (component: application)
2025-08-09 08:59:47 - app.core.websocket.websocket_manager - INFO - logger.py:204 - [LOG] Logger initialized for app.core.websocket.websocket_manager (component: application)
2025-08-09 08:59:47 - app.core.websocket.websocket_manager - INFO - websocket_manager.py:95 - [OK] WebSocket Manager initialized
2025-08-09 09:00:43 - app.core.config.settings_manager - INFO - logger.py:204 - [LOG] Logger initialized for app.core.config.settings_manager (component: application)
2025-08-09 09:00:44 - app.core.blockchain.base_chain - INFO - logger.py:204 - [LOG] Logger initialized for app.core.blockchain.base_chain (component: application)
2025-08-09 09:00:44 - app.core.performance.circuit_breaker - INFO - logger.py:204 - [LOG] Logger initialized for app.core.performance.circuit_breaker (component: application)
2025-08-09 09:00:44 - app.core.ai.risk_assessor - INFO - logger.py:204 - [LOG] Logger initialized for app.core.ai.risk_assessor (component: application)
2025-08-09 09:00:44 - app.core.ai.honeypot_detector - INFO - logger.py:204 - [LOG] Logger initialized for app.core.ai.honeypot_detector (component: application)
2025-08-09 09:00:44 - app.core.ai.predictive_analytics - INFO - logger.py:204 - [LOG] Logger initialized for app.core.ai.predictive_analytics (component: application)
2025-08-09 09:00:44 - app.core.websocket.websocket_manager - INFO - logger.py:204 - [LOG] Logger initialized for app.core.websocket.websocket_manager (component: application)
2025-08-09 09:00:44 - app.core.websocket.websocket_manager - INFO - websocket_manager.py:95 - [OK] WebSocket Manager initialized
2025-08-09 09:00:46 - __main__ - INFO - logger.py:204 - [LOG] Logger initialized for __main__ (component: application)
2025-08-09 09:00:46 - test_logger - INFO - logger.py:204 - [LOG] Logger initialized for test_logger (component: application)
2025-08-09 09:00:46 - test_logger - INFO - test_all_features.py:171 - Test log message
2025-08-09 09:00:47 - app.core.config.settings_manager - INFO - settings_manager.py:272 - [OK] Environment variables loaded
2025-08-09 09:00:47 - app.core.config.settings_manager - INFO - settings_manager.py:180 - [CONFIG] Settings loaded for development environment
2025-08-09 09:00:47 - app.core.config.settings_manager - INFO - settings_manager.py:394 - [OK] Configuration validation passed
2025-08-09 09:00:47 - app.core.performance.circuit_breaker - INFO - circuit_breaker.py:133 - [OK] Circuit breaker manager initialized
2025-08-09 09:00:47 - app.core.ai.risk_assessor - INFO - risk_assessor.py:211 - [OK] AI Risk Assessor initialized
2025-08-09 09:00:47 - app.core.performance.circuit_breaker - INFO - circuit_breaker.py:133 - [OK] Circuit breaker manager initialized
2025-08-09 09:00:47 - app.core.performance.circuit_breaker - INFO - circuit_breaker.py:133 - [OK] Circuit breaker manager initialized
2025-08-09 09:00:47 - app.core.ai.predictive_analytics - INFO - predictive_analytics.py:240 - [GROWTH] Predictive Analytics Engine initialized
2025-08-09 09:00:47 - app.core.websocket.websocket_manager - INFO - websocket_manager.py:95 - [OK] WebSocket Manager initialized
2025-08-09 09:13:35 - __main__ - INFO - logger.py:204 - [LOG] Logger initialized for __main__ (component: application)
2025-08-09 09:13:35 - test_module - INFO - logger.py:204 - [LOG] Logger initialized for test_module (component: application)
2025-08-09 09:13:35 - test_module - INFO - test_all_features.py:377 - Test log message
2025-08-09 09:13:37 - app.core.websocket.websocket_manager - INFO - logger.py:204 - [LOG] Logger initialized for app.core.websocket.websocket_manager (component: application)
2025-08-09 09:13:37 - app.core.websocket.websocket_manager - INFO - websocket_manager.py:95 - [OK] WebSocket Manager initialized
2025-08-09 09:13:37 - app.core.config.settings_manager - INFO - logger.py:204 - [LOG] Logger initialized for app.core.config.settings_manager (component: application)
2025-08-09 09:13:37 - app.core.config.settings_manager - INFO - settings_manager.py:272 - [OK] Environment variables loaded
2025-08-09 09:13:37 - app.core.config.settings_manager - INFO - settings_manager.py:180 - [CONFIG] Settings loaded for development environment
2025-08-09 09:13:37 - app.core.config.settings_manager - INFO - settings_manager.py:272 - [OK] Environment variables loaded
2025-08-09 09:13:37 - app.core.config.settings_manager - INFO - settings_manager.py:180 - [CONFIG] Settings loaded for development environment
2025-08-09 09:13:37 - app.core.config.settings_manager - INFO - settings_manager.py:272 - [OK] Environment variables loaded
2025-08-09 09:13:37 - app.core.config.settings_manager - INFO - settings_manager.py:180 - [CONFIG] Settings loaded for development environment
2025-08-09 09:13:37 - app.core.config.settings_manager - INFO - settings_manager.py:394 - [OK] Configuration validation passed
2025-08-09 09:15:00 - __main__ - INFO - logger.py:204 - [LOG] Logger initialized for __main__ (component: application)
2025-08-09 09:15:00 - app.main - INFO - logger.py:204 - [LOG] Logger initialized for app.main (component: application)
2025-08-09 09:15:00 - app.core.portfolio.portfolio_manager - INFO - logger.py:204 - [LOG] Logger initialized for app.core.portfolio.portfolio_manager (component: application)
2025-08-09 09:15:02 - test_module - INFO - logger.py:204 - [LOG] Logger initialized for test_module (component: application)
2025-08-09 09:15:02 - test_module - INFO - test_all_features.py:377 - Test log message
2025-08-09 09:15:02 - app.core.websocket.websocket_manager - INFO - logger.py:204 - [LOG] Logger initialized for app.core.websocket.websocket_manager (component: application)
2025-08-09 09:15:02 - app.core.websocket.websocket_manager - INFO - websocket_manager.py:95 - [OK] WebSocket Manager initialized
2025-08-09 09:15:02 - app.core.config.settings_manager - INFO - logger.py:204 - [LOG] Logger initialized for app.core.config.settings_manager (component: application)
2025-08-09 09:15:02 - app.core.config.settings_manager - INFO - settings_manager.py:272 - [OK] Environment variables loaded
2025-08-09 09:15:02 - app.core.config.settings_manager - INFO - settings_manager.py:180 - [CONFIG] Settings loaded for development environment
2025-08-09 09:15:02 - app.core.config.settings_manager - INFO - settings_manager.py:272 - [OK] Environment variables loaded
2025-08-09 09:15:02 - app.core.config.settings_manager - INFO - settings_manager.py:180 - [CONFIG] Settings loaded for development environment
2025-08-09 09:15:02 - app.core.config.settings_manager - INFO - settings_manager.py:272 - [OK] Environment variables loaded
2025-08-09 09:15:02 - app.core.config.settings_manager - INFO - settings_manager.py:180 - [CONFIG] Settings loaded for development environment
2025-08-09 09:15:02 - app.core.config.settings_manager - INFO - settings_manager.py:394 - [OK] Configuration validation passed
2025-08-09 09:24:25 - __main__ - INFO - logger.py:204 - [LOG] Logger initialized for __main__ (component: application)
2025-08-09 09:24:25 - app.main - INFO - logger.py:204 - [LOG] Logger initialized for app.main (component: application)
2025-08-09 09:24:26 - app.core.portfolio.portfolio_manager - INFO - logger.py:204 - [LOG] Logger initialized for app.core.portfolio.portfolio_manager (component: application)
2025-08-09 09:24:27 - test_module - INFO - logger.py:204 - [LOG] Logger initialized for test_module (component: application)
2025-08-09 09:24:27 - test_module - INFO - test_all_features.py:377 - Test log message
2025-08-09 09:24:27 - app.core.analytics.portfolio_analyzer - INFO - logger.py:204 - [LOG] Logger initialized for app.core.analytics.portfolio_analyzer (component: application)
2025-08-09 09:24:27 - app.core.analytics.portfolio_analyzer - INFO - portfolio_analyzer.py:85 - [ANALYTICS] PortfolioAnalyzer initialized
2025-08-09 09:24:27 - app.core.risk.risk_manager - INFO - logger.py:204 - [LOG] Logger initialized for app.core.risk.risk_manager (component: application)
2025-08-09 09:24:27 - app.core.risk.risk_manager - INFO - risk_manager.py:128 - [RISK] RiskManager initialized
2025-08-09 09:24:27 - app.core.websocket.websocket_manager - INFO - logger.py:204 - [LOG] Logger initialized for app.core.websocket.websocket_manager (component: application)
2025-08-09 09:24:27 - app.core.websocket.websocket_manager - INFO - websocket_manager.py:95 - [OK] WebSocket Manager initialized
2025-08-09 09:24:27 - app.core.config.settings_manager - INFO - logger.py:204 - [LOG] Logger initialized for app.core.config.settings_manager (component: application)
2025-08-09 09:24:27 - app.core.config.settings_manager - INFO - settings_manager.py:272 - [OK] Environment variables loaded
2025-08-09 09:24:27 - app.core.config.settings_manager - INFO - settings_manager.py:180 - [CONFIG] Settings loaded for development environment
2025-08-09 09:24:27 - app.core.config.settings_manager - INFO - settings_manager.py:272 - [OK] Environment variables loaded
2025-08-09 09:24:27 - app.core.config.settings_manager - INFO - settings_manager.py:180 - [CONFIG] Settings loaded for development environment
2025-08-09 09:24:27 - app.core.config.settings_manager - INFO - settings_manager.py:272 - [OK] Environment variables loaded
2025-08-09 09:24:27 - app.core.config.settings_manager - INFO - settings_manager.py:180 - [CONFIG] Settings loaded for development environment
2025-08-09 09:24:27 - app.core.config.settings_manager - INFO - settings_manager.py:394 - [OK] Configuration validation passed
2025-08-09 09:26:04 - __main__ - INFO - logger.py:204 - [LOG] Logger initialized for __main__ (component: application)
2025-08-09 09:26:04 - app.main - INFO - logger.py:204 - [LOG] Logger initialized for app.main (component: application)
2025-08-09 09:26:04 - app.core.portfolio.portfolio_manager - INFO - logger.py:204 - [LOG] Logger initialized for app.core.portfolio.portfolio_manager (component: application)
2025-08-09 09:26:05 - test_module - INFO - logger.py:204 - [LOG] Logger initialized for test_module (component: application)
2025-08-09 09:26:05 - test_module - INFO - test_all_features.py:377 - Test log message
2025-08-09 09:26:05 - app.core.analytics.portfolio_analyzer - INFO - logger.py:204 - [LOG] Logger initialized for app.core.analytics.portfolio_analyzer (component: application)
2025-08-09 09:26:05 - app.core.analytics.portfolio_analyzer - INFO - portfolio_analyzer.py:85 - [ANALYTICS] PortfolioAnalyzer initialized
2025-08-09 09:26:05 - app.core.risk.risk_manager - INFO - logger.py:204 - [LOG] Logger initialized for app.core.risk.risk_manager (component: application)
2025-08-09 09:26:05 - app.core.risk.risk_manager - INFO - risk_manager.py:128 - [RISK] RiskManager initialized
2025-08-09 09:26:05 - app.core.websocket.websocket_manager - INFO - logger.py:204 - [LOG] Logger initialized for app.core.websocket.websocket_manager (component: application)
2025-08-09 09:26:05 - app.core.websocket.websocket_manager - INFO - websocket_manager.py:95 - [OK] WebSocket Manager initialized
2025-08-09 09:26:05 - app.core.config.settings_manager - INFO - logger.py:204 - [LOG] Logger initialized for app.core.config.settings_manager (component: application)
2025-08-09 09:26:05 - app.core.config.settings_manager - INFO - settings_manager.py:272 - [OK] Environment variables loaded
2025-08-09 09:26:05 - app.core.config.settings_manager - INFO - settings_manager.py:180 - [CONFIG] Settings loaded for development environment
2025-08-09 09:26:05 - app.core.config.settings_manager - INFO - settings_manager.py:272 - [OK] Environment variables loaded
2025-08-09 09:26:05 - app.core.config.settings_manager - INFO - settings_manager.py:180 - [CONFIG] Settings loaded for development environment
2025-08-09 09:26:05 - app.core.config.settings_manager - INFO - settings_manager.py:272 - [OK] Environment variables loaded
2025-08-09 09:26:05 - app.core.config.settings_manager - INFO - settings_manager.py:180 - [CONFIG] Settings loaded for development environment
2025-08-09 09:26:05 - app.core.config.settings_manager - INFO - settings_manager.py:394 - [OK] Configuration validation passed
2025-08-09 09:28:43 - __main__ - INFO - logger.py:204 - [LOG] Logger initialized for __main__ (component: application)
2025-08-09 09:28:44 - app.main - INFO - logger.py:204 - [LOG] Logger initialized for app.main (component: application)
2025-08-09 09:28:44 - app.core.portfolio.portfolio_manager - INFO - logger.py:204 - [LOG] Logger initialized for app.core.portfolio.portfolio_manager (component: application)
2025-08-09 09:28:45 - test_module - INFO - logger.py:204 - [LOG] Logger initialized for test_module (component: application)
2025-08-09 09:28:45 - test_module - INFO - test_all_features.py:377 - Test log message
2025-08-09 09:28:45 - app.core.analytics.portfolio_analyzer - INFO - logger.py:204 - [LOG] Logger initialized for app.core.analytics.portfolio_analyzer (component: application)
2025-08-09 09:28:45 - app.core.analytics.portfolio_analyzer - INFO - portfolio_analyzer.py:85 - [ANALYTICS] PortfolioAnalyzer initialized
2025-08-09 09:28:45 - app.core.risk.risk_manager - INFO - logger.py:204 - [LOG] Logger initialized for app.core.risk.risk_manager (component: application)
2025-08-09 09:28:45 - app.core.risk.risk_manager - INFO - risk_manager.py:128 - [RISK] RiskManager initialized
2025-08-09 09:28:45 - app.core.websocket.websocket_manager - INFO - logger.py:204 - [LOG] Logger initialized for app.core.websocket.websocket_manager (component: application)
2025-08-09 09:28:45 - app.core.websocket.websocket_manager - INFO - websocket_manager.py:95 - [OK] WebSocket Manager initialized
2025-08-09 09:28:45 - app.core.config.settings_manager - INFO - logger.py:204 - [LOG] Logger initialized for app.core.config.settings_manager (component: application)
2025-08-09 09:28:45 - app.core.config.settings_manager - INFO - settings_manager.py:272 - [OK] Environment variables loaded
2025-08-09 09:28:45 - app.core.config.settings_manager - INFO - settings_manager.py:180 - [CONFIG] Settings loaded for development environment
2025-08-09 09:28:45 - app.core.config.settings_manager - INFO - settings_manager.py:272 - [OK] Environment variables loaded
2025-08-09 09:28:45 - app.core.config.settings_manager - INFO - settings_manager.py:180 - [CONFIG] Settings loaded for development environment
2025-08-09 09:28:45 - app.core.config.settings_manager - INFO - settings_manager.py:272 - [OK] Environment variables loaded
2025-08-09 09:28:45 - app.core.config.settings_manager - INFO - settings_manager.py:180 - [CONFIG] Settings loaded for development environment
2025-08-09 09:28:45 - app.core.config.settings_manager - INFO - settings_manager.py:394 - [OK] Configuration validation passed
2025-08-09 09:30:01 - app.core.security.wallet_security - INFO - logger.py:204 - [LOG] Logger initialized for app.core.security.wallet_security (component: application)
2025-08-09 09:30:01 - app.core.security.wallet_security - INFO - wallet_security.py:84 - [SECURITY] WalletSecurityManager initialized
2025-08-09 09:31:12 - app.core.security.wallet_security - INFO - logger.py:204 - [LOG] Logger initialized for app.core.security.wallet_security (component: application)
2025-08-09 09:31:12 - app.core.security.wallet_security - INFO - wallet_security.py:84 - [SECURITY] WalletSecurityManager initialized
2025-08-09 09:31:12 - app.core.security.input_validator - INFO - logger.py:204 - [LOG] Logger initialized for app.core.security.input_validator (component: application)
2025-08-09 09:31:12 - app.core.security.input_validator - INFO - input_validator.py:52 - [VALIDATION] InputValidator initialized
2025-08-09 09:31:12 - app.core.security.error_sanitizer - INFO - logger.py:204 - [LOG] Logger initialized for app.core.security.error_sanitizer (component: application)
2025-08-09 09:31:12 - app.core.security.error_sanitizer - INFO - error_sanitizer.py:58 - [SANITIZER] ErrorSanitizer initialized
2025-08-09 09:31:12 - app.core.security.wallet_security - INFO - wallet_security.py:84 - [SECURITY] WalletSecurityManager initialized
2025-08-09 09:31:12 - app.core.security.input_validator - INFO - input_validator.py:52 - [VALIDATION] InputValidator initialized
2025-08-09 09:31:12 - app.core.security.error_sanitizer - INFO - error_sanitizer.py:58 - [SANITIZER] ErrorSanitizer initialized
2025-08-09 09:31:14 - app.core.security.wallet_security - INFO - logger.py:204 - [LOG] Logger initialized for app.core.security.wallet_security (component: application)
2025-08-09 09:31:14 - app.core.security.wallet_security - INFO - wallet_security.py:84 - [SECURITY] WalletSecurityManager initialized
2025-08-09 09:31:15 - app.core.security.input_validator - INFO - logger.py:204 - [LOG] Logger initialized for app.core.security.input_validator (component: application)
2025-08-09 09:31:15 - app.core.security.input_validator - INFO - input_validator.py:52 - [VALIDATION] InputValidator initialized
2025-08-09 09:31:15 - app.core.security.error_sanitizer - INFO - logger.py:204 - [LOG] Logger initialized for app.core.security.error_sanitizer (component: application)
2025-08-09 09:31:15 - app.core.security.error_sanitizer - INFO - error_sanitizer.py:58 - [SANITIZER] ErrorSanitizer initialized
2025-08-09 09:31:20 - __main__ - INFO - logger.py:204 - [LOG] Logger initialized for __main__ (component: application)
2025-08-09 09:31:21 - app.main - INFO - logger.py:204 - [LOG] Logger initialized for app.main (component: application)
2025-08-09 09:31:21 - app.core.portfolio.portfolio_manager - INFO - logger.py:204 - [LOG] Logger initialized for app.core.portfolio.portfolio_manager (component: application)
2025-08-09 09:31:22 - test_module - INFO - logger.py:204 - [LOG] Logger initialized for test_module (component: application)
2025-08-09 09:31:22 - test_module - INFO - test_all_features.py:377 - Test log message
2025-08-09 09:31:22 - app.core.analytics.portfolio_analyzer - INFO - logger.py:204 - [LOG] Logger initialized for app.core.analytics.portfolio_analyzer (component: application)
2025-08-09 09:31:22 - app.core.analytics.portfolio_analyzer - INFO - portfolio_analyzer.py:85 - [ANALYTICS] PortfolioAnalyzer initialized
2025-08-09 09:31:22 - app.core.risk.risk_manager - INFO - logger.py:204 - [LOG] Logger initialized for app.core.risk.risk_manager (component: application)
2025-08-09 09:31:22 - app.core.risk.risk_manager - INFO - risk_manager.py:128 - [RISK] RiskManager initialized
2025-08-09 09:31:22 - app.core.websocket.websocket_manager - INFO - logger.py:204 - [LOG] Logger initialized for app.core.websocket.websocket_manager (component: application)
2025-08-09 09:31:22 - app.core.websocket.websocket_manager - INFO - websocket_manager.py:95 - [OK] WebSocket Manager initialized
2025-08-09 09:31:22 - app.core.config.settings_manager - INFO - logger.py:204 - [LOG] Logger initialized for app.core.config.settings_manager (component: application)
2025-08-09 09:31:22 - app.core.config.settings_manager - INFO - settings_manager.py:272 - [OK] Environment variables loaded
2025-08-09 09:31:22 - app.core.config.settings_manager - INFO - settings_manager.py:180 - [CONFIG] Settings loaded for development environment
2025-08-09 09:31:22 - app.core.config.settings_manager - INFO - settings_manager.py:272 - [OK] Environment variables loaded
2025-08-09 09:31:22 - app.core.config.settings_manager - INFO - settings_manager.py:180 - [CONFIG] Settings loaded for development environment
2025-08-09 09:31:22 - app.core.config.settings_manager - INFO - settings_manager.py:272 - [OK] Environment variables loaded
2025-08-09 09:31:22 - app.core.config.settings_manager - INFO - settings_manager.py:180 - [CONFIG] Settings loaded for development environment
2025-08-09 09:31:22 - app.core.config.settings_manager - INFO - settings_manager.py:394 - [OK] Configuration validation passed
2025-08-09 09:32:15 - app.core.security.wallet_security - INFO - logger.py:204 - [LOG] Logger initialized for app.core.security.wallet_security (component: application)
2025-08-09 09:32:15 - app.core.security.wallet_security - INFO - wallet_security.py:84 - [SECURITY] WalletSecurityManager initialized
2025-08-09 09:32:15 - app.core.security.input_validator - INFO - logger.py:204 - [LOG] Logger initialized for app.core.security.input_validator (component: application)
2025-08-09 09:32:15 - app.core.security.input_validator - INFO - input_validator.py:52 - [VALIDATION] InputValidator initialized
2025-08-09 09:32:15 - app.core.security.error_sanitizer - INFO - logger.py:204 - [LOG] Logger initialized for app.core.security.error_sanitizer (component: application)
2025-08-09 09:32:15 - app.core.security.error_sanitizer - INFO - error_sanitizer.py:58 - [SANITIZER] ErrorSanitizer initialized
2025-08-09 09:32:22 - __main__ - INFO - logger.py:204 - [LOG] Logger initialized for __main__ (component: application)
2025-08-09 09:32:22 - app.main - INFO - logger.py:204 - [LOG] Logger initialized for app.main (component: application)
2025-08-09 09:32:22 - app.core.portfolio.portfolio_manager - INFO - logger.py:204 - [LOG] Logger initialized for app.core.portfolio.portfolio_manager (component: application)
2025-08-09 09:32:23 - test_module - INFO - logger.py:204 - [LOG] Logger initialized for test_module (component: application)
2025-08-09 09:32:23 - test_module - INFO - test_all_features.py:377 - Test log message
2025-08-09 09:32:24 - app.core.analytics.portfolio_analyzer - INFO - logger.py:204 - [LOG] Logger initialized for app.core.analytics.portfolio_analyzer (component: application)
2025-08-09 09:32:24 - app.core.analytics.portfolio_analyzer - INFO - portfolio_analyzer.py:85 - [ANALYTICS] PortfolioAnalyzer initialized
2025-08-09 09:32:24 - app.core.risk.risk_manager - INFO - logger.py:204 - [LOG] Logger initialized for app.core.risk.risk_manager (component: application)
2025-08-09 09:32:24 - app.core.risk.risk_manager - INFO - risk_manager.py:128 - [RISK] RiskManager initialized
2025-08-09 09:32:24 - app.core.websocket.websocket_manager - INFO - logger.py:204 - [LOG] Logger initialized for app.core.websocket.websocket_manager (component: application)
2025-08-09 09:32:24 - app.core.websocket.websocket_manager - INFO - websocket_manager.py:95 - [OK] WebSocket Manager initialized
2025-08-09 09:32:24 - app.core.config.settings_manager - INFO - logger.py:204 - [LOG] Logger initialized for app.core.config.settings_manager (component: application)
2025-08-09 09:32:24 - app.core.config.settings_manager - INFO - settings_manager.py:272 - [OK] Environment variables loaded
2025-08-09 09:32:24 - app.core.config.settings_manager - INFO - settings_manager.py:180 - [CONFIG] Settings loaded for development environment
2025-08-09 09:32:24 - app.core.config.settings_manager - INFO - settings_manager.py:272 - [OK] Environment variables loaded
2025-08-09 09:32:24 - app.core.config.settings_manager - INFO - settings_manager.py:180 - [CONFIG] Settings loaded for development environment
2025-08-09 09:32:24 - app.core.config.settings_manager - INFO - settings_manager.py:272 - [OK] Environment variables loaded
2025-08-09 09:32:24 - app.core.config.settings_manager - INFO - settings_manager.py:180 - [CONFIG] Settings loaded for development environment
2025-08-09 09:32:24 - app.core.config.settings_manager - INFO - settings_manager.py:394 - [OK] Configuration validation passed
2025-08-09 09:33:06 - app.core.security.wallet_security - INFO - logger.py:204 - [LOG] Logger initialized for app.core.security.wallet_security (component: application)
2025-08-09 09:33:06 - app.core.security.wallet_security - INFO - wallet_security.py:84 - [SECURITY] WalletSecurityManager initialized
2025-08-09 09:33:06 - app.core.security.wallet_security - INFO - wallet_security.py:84 - [SECURITY] WalletSecurityManager initialized
2025-08-09 09:33:06 - app.core.security.input_validator - INFO - logger.py:204 - [LOG] Logger initialized for app.core.security.input_validator (component: application)
2025-08-09 09:33:06 - app.core.security.input_validator - INFO - input_validator.py:52 - [VALIDATION] InputValidator initialized
2025-08-09 09:33:06 - app.core.security.input_validator - INFO - input_validator.py:52 - [VALIDATION] InputValidator initialized
2025-08-09 09:33:06 - app.core.security.error_sanitizer - INFO - logger.py:204 - [LOG] Logger initialized for app.core.security.error_sanitizer (component: application)
2025-08-09 09:33:06 - app.core.security.error_sanitizer - INFO - error_sanitizer.py:58 - [SANITIZER] ErrorSanitizer initialized
2025-08-09 09:33:06 - app.core.security.error_sanitizer - INFO - error_sanitizer.py:58 - [SANITIZER] ErrorSanitizer initialized
2025-08-09 09:33:20 - __main__ - INFO - logger.py:204 - [LOG] Logger initialized for __main__ (component: application)
2025-08-09 09:33:21 - app.main - INFO - logger.py:204 - [LOG] Logger initialized for app.main (component: application)
2025-08-09 09:33:21 - app.core.portfolio.portfolio_manager - INFO - logger.py:204 - [LOG] Logger initialized for app.core.portfolio.portfolio_manager (component: application)
2025-08-09 09:33:22 - test_module - INFO - logger.py:204 - [LOG] Logger initialized for test_module (component: application)
2025-08-09 09:33:22 - test_module - INFO - test_all_features.py:377 - Test log message
2025-08-09 09:33:22 - app.core.analytics.portfolio_analyzer - INFO - logger.py:204 - [LOG] Logger initialized for app.core.analytics.portfolio_analyzer (component: application)
2025-08-09 09:33:22 - app.core.analytics.portfolio_analyzer - INFO - portfolio_analyzer.py:85 - [ANALYTICS] PortfolioAnalyzer initialized
2025-08-09 09:33:22 - app.core.risk.risk_manager - INFO - logger.py:204 - [LOG] Logger initialized for app.core.risk.risk_manager (component: application)
2025-08-09 09:33:22 - app.core.risk.risk_manager - INFO - risk_manager.py:128 - [RISK] RiskManager initialized
2025-08-09 09:33:22 - app.core.websocket.websocket_manager - INFO - logger.py:204 - [LOG] Logger initialized for app.core.websocket.websocket_manager (component: application)
2025-08-09 09:33:22 - app.core.websocket.websocket_manager - INFO - websocket_manager.py:95 - [OK] WebSocket Manager initialized
2025-08-09 09:33:22 - app.core.config.settings_manager - INFO - logger.py:204 - [LOG] Logger initialized for app.core.config.settings_manager (component: application)
2025-08-09 09:33:22 - app.core.config.settings_manager - INFO - settings_manager.py:272 - [OK] Environment variables loaded
2025-08-09 09:33:22 - app.core.config.settings_manager - INFO - settings_manager.py:180 - [CONFIG] Settings loaded for development environment
2025-08-09 09:33:22 - app.core.config.settings_manager - INFO - settings_manager.py:272 - [OK] Environment variables loaded
2025-08-09 09:33:22 - app.core.config.settings_manager - INFO - settings_manager.py:180 - [CONFIG] Settings loaded for development environment
2025-08-09 09:33:22 - app.core.config.settings_manager - INFO - settings_manager.py:272 - [OK] Environment variables loaded
2025-08-09 09:33:22 - app.core.config.settings_manager - INFO - settings_manager.py:180 - [CONFIG] Settings loaded for development environment
2025-08-09 09:33:22 - app.core.config.settings_manager - INFO - settings_manager.py:394 - [OK] Configuration validation passed
2025-08-09 09:34:29 - __main__ - INFO - logger.py:204 - [LOG] Logger initialized for __main__ (component: application)
2025-08-09 09:34:29 - app.main - INFO - logger.py:204 - [LOG] Logger initialized for app.main (component: application)
2025-08-09 09:34:29 - app.core.portfolio.portfolio_manager - INFO - logger.py:204 - [LOG] Logger initialized for app.core.portfolio.portfolio_manager (component: application)
2025-08-09 09:34:30 - test_module - INFO - logger.py:204 - [LOG] Logger initialized for test_module (component: application)
2025-08-09 09:34:30 - test_module - INFO - test_all_features.py:377 - Test log message
2025-08-09 09:34:30 - app.core.analytics.portfolio_analyzer - INFO - logger.py:204 - [LOG] Logger initialized for app.core.analytics.portfolio_analyzer (component: application)
2025-08-09 09:34:30 - app.core.analytics.portfolio_analyzer - INFO - portfolio_analyzer.py:85 - [ANALYTICS] PortfolioAnalyzer initialized
2025-08-09 09:34:30 - app.core.risk.risk_manager - INFO - logger.py:204 - [LOG] Logger initialized for app.core.risk.risk_manager (component: application)
2025-08-09 09:34:30 - app.core.risk.risk_manager - INFO - risk_manager.py:128 - [RISK] RiskManager initialized
2025-08-09 09:34:30 - app.core.websocket.websocket_manager - INFO - logger.py:204 - [LOG] Logger initialized for app.core.websocket.websocket_manager (component: application)
2025-08-09 09:34:30 - app.core.websocket.websocket_manager - INFO - websocket_manager.py:95 - [OK] WebSocket Manager initialized
2025-08-09 09:34:30 - app.core.config.settings_manager - INFO - logger.py:204 - [LOG] Logger initialized for app.core.config.settings_manager (component: application)
2025-08-09 09:34:30 - app.core.config.settings_manager - INFO - settings_manager.py:272 - [OK] Environment variables loaded
2025-08-09 09:34:30 - app.core.config.settings_manager - INFO - settings_manager.py:180 - [CONFIG] Settings loaded for development environment
2025-08-09 09:34:30 - app.core.config.settings_manager - INFO - settings_manager.py:272 - [OK] Environment variables loaded
2025-08-09 09:34:30 - app.core.config.settings_manager - INFO - settings_manager.py:180 - [CONFIG] Settings loaded for development environment
2025-08-09 09:34:30 - app.core.config.settings_manager - INFO - settings_manager.py:272 - [OK] Environment variables loaded
2025-08-09 09:34:30 - app.core.config.settings_manager - INFO - settings_manager.py:180 - [CONFIG] Settings loaded for development environment
2025-08-09 09:34:30 - app.core.config.settings_manager - INFO - settings_manager.py:394 - [OK] Configuration validation passed
2025-08-09 10:25:32 - app.core.security.security_manager - INFO - logger.py:204 - [LOG] Logger initialized for app.core.security.security_manager (component: application)
2025-08-09 10:27:05 - app.core.security.security_manager - INFO - logger.py:204 - [LOG] Logger initialized for app.core.security.security_manager (component: application)
2025-08-09 10:27:05 - app.core.security.security_manager - INFO - security_manager.py:129 - Wallet security initialized
2025-08-09 10:27:05 - app.core.security.security_manager - INFO - security_manager.py:214 - API authentication initialized
2025-08-09 10:27:05 - app.core.security.security_manager - INFO - security_manager.py:72 - Input validator initialized
2025-08-09 10:27:05 - app.core.security.security_manager - INFO - security_manager.py:276 - Error sanitizer initialized
2025-08-09 10:27:05 - app.core.security.security_manager - INFO - security_manager.py:72 - Input validator initialized
2025-08-09 10:27:05 - app.core.security.security_manager - INFO - security_manager.py:129 - Wallet security initialized
2025-08-09 10:27:05 - app.core.security.security_manager - INFO - security_manager.py:214 - API authentication initialized
2025-08-09 10:27:05 - app.core.security.security_manager - INFO - security_manager.py:276 - Error sanitizer initialized
2025-08-09 10:27:05 - app.core.security.security_manager - INFO - security_manager.py:310 - Security manager initialized
2025-08-09 10:31:17 - app.core.security.security_manager - INFO - logger.py:204 - [LOG] Logger initialized for app.core.security.security_manager (component: application)
2025-08-09 10:31:17 - app.core.security.security_manager - INFO - security_manager.py:130 - Wallet security initialized
2025-08-09 10:31:17 - app.core.security.security_manager - INFO - security_manager.py:232 - API authentication initialized
2025-08-09 10:31:17 - app.core.security.security_manager - INFO - security_manager.py:61 - Input validator initialized
2025-08-09 10:31:17 - app.core.security.security_manager - INFO - security_manager.py:303 - Error sanitizer initialized
2025-08-09 10:31:17 - app.core.security.security_manager - INFO - security_manager.py:61 - Input validator initialized
2025-08-09 10:31:17 - app.core.security.security_manager - INFO - security_manager.py:130 - Wallet security initialized
2025-08-09 10:31:17 - app.core.security.security_manager - INFO - security_manager.py:232 - API authentication initialized
2025-08-09 10:31:17 - app.core.security.security_manager - INFO - security_manager.py:303 - Error sanitizer initialized
2025-08-09 10:31:17 - app.core.security.security_manager - INFO - security_manager.py:342 - Security manager initialized
2025-08-09 10:31:17 - app.middleware.security_middleware - INFO - logger.py:204 - [LOG] Logger initialized for app.middleware.security_middleware (component: application)
2025-08-09 10:39:28 - app.core.security.security_manager - INFO - logger.py:204 - [LOG] Logger initialized for app.core.security.security_manager (component: application)
2025-08-09 10:39:28 - test - INFO - logger.py:204 - [LOG] Logger initialized for test (component: application)
2025-08-09 10:39:28 - test - INFO - run_all_tests.py:105 - Test log message
2025-08-09 10:39:31 - app.core.config.settings_manager - INFO - logger.py:204 - [LOG] Logger initialized for app.core.config.settings_manager (component: application)
2025-08-09 10:39:31 - app.core.config.settings_manager - INFO - settings_manager.py:272 - [OK] Environment variables loaded
2025-08-09 10:39:31 - app.core.config.settings_manager - INFO - settings_manager.py:180 - [CONFIG] Settings loaded for development environment
2025-08-09 10:39:31 - app.core.config.settings_manager - INFO - settings_manager.py:394 - [OK] Configuration validation passed
2025-08-09 10:39:31 - app.core.security.security_manager - INFO - security_manager.py:61 - Input validator initialized
2025-08-09 10:39:31 - app.core.security.security_manager - INFO - security_manager.py:130 - Wallet security initialized
2025-08-09 10:39:31 - app.core.security.security_manager - INFO - security_manager.py:232 - API authentication initialized
2025-08-09 10:39:31 - app.core.security.security_manager - INFO - security_manager.py:303 - Error sanitizer initialized
2025-08-09 10:39:31 - app.core.security.security_manager - INFO - security_manager.py:342 - Security manager initialized
2025-08-09 10:44:58 - app.core.security.security_manager - INFO - logger.py:204 - [LOG] Logger initialized for app.core.security.security_manager (component: application)
2025-08-09 10:44:58 - test - INFO - logger.py:204 - [LOG] Logger initialized for test (component: application)
2025-08-09 10:44:58 - test - INFO - run_all_tests.py:105 - Test log message
2025-08-09 10:44:58 - app.core.portfolio.portfolio_manager - INFO - logger.py:204 - [LOG] Logger initialized for app.core.portfolio.portfolio_manager (component: application)
2025-08-09 10:44:59 - app.main - INFO - logger.py:204 - [LOG] Logger initialized for app.main (component: application)
2025-08-09 10:44:59 - app.utils.websocket_manager - INFO - logger.py:204 - [LOG] Logger initialized for app.utils.websocket_manager (component: application)
2025-08-09 10:44:59 - app.core.config.settings_manager - INFO - logger.py:204 - [LOG] Logger initialized for app.core.config.settings_manager (component: application)
2025-08-09 10:44:59 - app.core.config.settings_manager - INFO - settings_manager.py:272 - [OK] Environment variables loaded
2025-08-09 10:44:59 - app.core.config.settings_manager - INFO - settings_manager.py:180 - [CONFIG] Settings loaded for development environment
2025-08-09 10:44:59 - app.core.config.settings_manager - INFO - settings_manager.py:394 - [OK] Configuration validation passed
2025-08-09 10:44:59 - app.core.security.security_manager - INFO - security_manager.py:61 - Input validator initialized
2025-08-09 10:44:59 - app.core.security.security_manager - INFO - security_manager.py:130 - Wallet security initialized
2025-08-09 10:44:59 - app.core.security.security_manager - INFO - security_manager.py:232 - API authentication initialized
2025-08-09 10:44:59 - app.core.security.security_manager - INFO - security_manager.py:303 - Error sanitizer initialized
2025-08-09 10:44:59 - app.core.security.security_manager - INFO - security_manager.py:342 - Security manager initialized
2025-08-09 10:52:52 - app.core.security.security_manager - INFO - logger.py:204 - [LOG] Logger initialized for app.core.security.security_manager (component: application)
2025-08-09 10:52:52 - test - INFO - logger.py:204 - [LOG] Logger initialized for test (component: application)
2025-08-09 10:52:52 - test - INFO - run_all_tests.py:105 - Test log message
2025-08-09 10:52:52 - app.core.portfolio.portfolio_manager - INFO - logger.py:204 - [LOG] Logger initialized for app.core.portfolio.portfolio_manager (component: application)
2025-08-09 10:52:53 - app.main - INFO - logger.py:204 - [LOG] Logger initialized for app.main (component: application)
2025-08-09 10:52:53 - app.main - WARNING - main.py:44 - [WARN] Dashboard router not available: No module named 'app.core.utils'
2025-08-09 10:52:53 - app.main - INFO - main.py:49 - [OK] Trading router included
2025-08-09 10:52:53 - app.utils.websocket_manager - INFO - logger.py:204 - [LOG] Logger initialized for app.utils.websocket_manager (component: application)
2025-08-09 10:52:53 - app.utils.websocket_manager - INFO - websocket_manager.py:24 - [WS] WebSocketManager initialized
2025-08-09 10:52:53 - app.core.config.settings_manager - INFO - logger.py:204 - [LOG] Logger initialized for app.core.config.settings_manager (component: application)
2025-08-09 10:52:53 - app.core.config.settings_manager - INFO - settings_manager.py:272 - [OK] Environment variables loaded
2025-08-09 10:52:53 - app.core.config.settings_manager - INFO - settings_manager.py:180 - [CONFIG] Settings loaded for development environment
2025-08-09 10:52:53 - app.core.config.settings_manager - INFO - settings_manager.py:394 - [OK] Configuration validation passed
2025-08-09 10:52:53 - app.core.security.security_manager - INFO - security_manager.py:61 - Input validator initialized
2025-08-09 10:52:53 - app.core.security.security_manager - INFO - security_manager.py:130 - Wallet security initialized
2025-08-09 10:52:53 - app.core.security.security_manager - INFO - security_manager.py:232 - API authentication initialized
2025-08-09 10:52:53 - app.core.security.security_manager - INFO - security_manager.py:303 - Error sanitizer initialized
2025-08-09 10:52:53 - app.core.security.security_manager - INFO - security_manager.py:342 - Security manager initialized
2025-08-09 10:53:30 - app.main - INFO - logger.py:204 - [LOG] Logger initialized for app.main (component: application)
2025-08-09 10:53:30 - app.main - WARNING - main.py:44 - [WARN] Dashboard router not available: No module named 'app.core.utils'
2025-08-09 10:53:30 - app.main - INFO - main.py:49 - [OK] Trading router included
2025-08-09 10:54:44 - app.main - INFO - logger.py:204 - [LOG] Logger initialized for app.main (component: application)
2025-08-09 10:54:44 - app.main - WARNING - main.py:44 - [WARN] Dashboard router not available: No module named 'app.core.utils'
2025-08-09 10:54:44 - app.main - INFO - main.py:49 - [OK] Trading router included
2025-08-09 10:56:33 - app.main - INFO - logger.py:204 - [LOG] Logger initialized for app.main (component: application)
2025-08-09 10:56:33 - app.main - WARNING - main.py:44 - [WARN] Dashboard router not available: No module named 'app.core.utils'
2025-08-09 10:56:33 - app.main - INFO - main.py:49 - [OK] Trading router included
2025-08-09 10:56:51 - app.main - INFO - logger.py:204 - [LOG] Logger initialized for app.main (component: application)
2025-08-09 10:56:51 - app.main - INFO - main.py:42 - [OK] Dashboard router included
2025-08-09 10:56:51 - app.main - INFO - main.py:49 - [OK] Trading router included
2025-08-09 10:58:07 - app.main - INFO - logger.py:204 - [LOG] Logger initialized for app.main (component: application)
2025-08-09 10:58:07 - app.main - INFO - main.py:42 - [OK] Dashboard router included
2025-08-09 10:58:07 - app.main - INFO - main.py:49 - [OK] Trading router included
2025-08-09 10:58:29 - app.main - INFO - logger.py:204 - [LOG] Logger initialized for app.main (component: application)
2025-08-09 10:58:29 - app.main - INFO - main.py:42 - [OK] Dashboard router included
2025-08-09 10:58:29 - app.main - INFO - main.py:49 - [OK] Trading router included
2025-08-09 10:59:28 - app.main - INFO - logger.py:204 - [LOG] Logger initialized for app.main (component: application)
2025-08-09 10:59:28 - app.main - INFO - main.py:44 - [OK] Dashboard router included
2025-08-09 10:59:28 - app.main - INFO - main.py:51 - [OK] Trading router included
2025-08-09 11:00:40 - app.main - INFO - logger.py:204 - [LOG] Logger initialized for app.main (component: application)
2025-08-09 11:00:40 - app.main - INFO - main.py:44 - [OK] Dashboard router included
2025-08-09 11:00:40 - app.main - INFO - main.py:51 - [OK] Trading router included
2025-08-09 11:02:56 - app.main - INFO - logger.py:204 - [LOG] Logger initialized for app.main (component: application)
2025-08-09 11:02:56 - app.main - INFO - main.py:44 - [OK] Dashboard router included
2025-08-09 11:02:56 - app.main - INFO - main.py:51 - [OK] Trading router included
2025-08-09 12:46:35 - app.core.blockchain.network_manager_fixed - INFO - logger.py:204 - [LOG] Logger initialized for app.core.blockchain.network_manager_fixed (component: application)
2025-08-09 12:46:36 - app.core.blockchain.network_manager_fixed - INFO - network_manager_fixed.py:95 - [LINK] Initializing NetworkManagerFixed with enhanced validation...
2025-08-09 12:46:36 - app.core.blockchain.network_manager_fixed - INFO - network_manager_fixed.py:220 - [OK] Network configurations setup complete: 4 networks
2025-08-09 12:46:36 - app.core.blockchain.network_manager_fixed - INFO - network_manager_fixed.py:236 - [OK] Network status tracking initialized
2025-08-09 12:46:36 - app.core.blockchain.network_manager_fixed - INFO - network_manager_fixed.py:108 - [OK] NetworkManagerFixed initialized successfully
2025-08-09 12:47:20 - app.core.blockchain.network_manager_fixed - INFO - logger.py:204 - [LOG] Logger initialized for app.core.blockchain.network_manager_fixed (component: application)
2025-08-09 12:47:20 - app.core.blockchain.network_manager_fixed - INFO - network_manager_fixed.py:95 - [LINK] Initializing NetworkManagerFixed with enhanced validation...
2025-08-09 12:47:20 - app.core.blockchain.network_manager_fixed - INFO - network_manager_fixed.py:220 - [OK] Network configurations setup complete: 4 networks
2025-08-09 12:47:20 - app.core.blockchain.network_manager_fixed - INFO - network_manager_fixed.py:236 - [OK] Network status tracking initialized
2025-08-09 12:47:20 - app.core.blockchain.network_manager_fixed - INFO - network_manager_fixed.py:108 - [OK] NetworkManagerFixed initialized successfully
2025-08-09 12:51:53 - app.core.blockchain.network_manager_fixed - INFO - logger.py:204 - [LOG] Logger initialized for app.core.blockchain.network_manager_fixed (component: application)
2025-08-09 12:51:53 - app.core.blockchain.network_manager_fixed - INFO - network_manager_fixed.py:95 - [LINK] Initializing NetworkManagerFixed with enhanced validation...
2025-08-09 12:51:53 - app.core.blockchain.network_manager_fixed - INFO - network_manager_fixed.py:220 - [OK] Network configurations setup complete: 4 networks
2025-08-09 12:51:53 - app.core.blockchain.network_manager_fixed - INFO - network_manager_fixed.py:236 - [OK] Network status tracking initialized
2025-08-09 12:51:53 - app.core.blockchain.network_manager_fixed - INFO - network_manager_fixed.py:108 - [OK] NetworkManagerFixed initialized successfully
2025-08-09 12:51:59 - app.core.blockchain.network_manager_fixed - INFO - logger.py:204 - [LOG] Logger initialized for app.core.blockchain.network_manager_fixed (component: application)
2025-08-09 12:51:59 - app.core.blockchain.network_manager_fixed - INFO - network_manager_fixed.py:95 - [LINK] Initializing NetworkManagerFixed with enhanced validation...
2025-08-09 12:51:59 - app.core.blockchain.network_manager_fixed - INFO - network_manager_fixed.py:220 - [OK] Network configurations setup complete: 4 networks
2025-08-09 12:51:59 - app.core.blockchain.network_manager_fixed - INFO - network_manager_fixed.py:236 - [OK] Network status tracking initialized
2025-08-09 12:51:59 - app.core.blockchain.network_manager_fixed - INFO - network_manager_fixed.py:108 - [OK] NetworkManagerFixed initialized successfully
2025-08-09 13:05:44 - __main__ - INFO - logger.py:204 - [LOG] Logger initialized for __main__ (component: application)
2025-08-09 13:05:44 - __main__ - INFO - test_phase_4c_integration.py:57 - ================================================================================
2025-08-09 13:05:44 - __main__ - INFO - test_phase_4c_integration.py:100 - ------------------------------------------------------------
2025-08-09 13:05:49 - __main__ - ERROR - test_phase_4c_integration.py:113 -    Reason: AI Risk Assessor import failed: cannot import name 'AIAnalysisError' from 'app.core.exceptions' (D:\dex_sniping\dex_sniping_project\app\core\exceptions.py)
2025-08-09 13:05:49 - __main__ - ERROR - test_phase_4c_integration.py:113 -    Reason: Honeypot detection test failed: cannot import name 'AIAnalysisError' from 'app.core.exceptions' (D:\dex_sniping\dex_sniping_project\app\core\exceptions.py)
2025-08-09 13:05:49 - __main__ - ERROR - test_phase_4c_integration.py:113 -    Reason: Sentiment analysis test failed: cannot import name 'AIAnalysisError' from 'app.core.exceptions' (D:\dex_sniping\dex_sniping_project\app\core\exceptions.py)
2025-08-09 13:05:49 - __main__ - ERROR - test_phase_4c_integration.py:113 -    Reason: Comprehensive risk assessment failed: cannot import name 'AIAnalysisError' from 'app.core.exceptions' (D:\dex_sniping\dex_sniping_project\app\core\exceptions.py)
2025-08-09 13:05:49 - __main__ - INFO - test_phase_4c_integration.py:100 - ------------------------------------------------------------
2025-08-09 13:05:49 - app.core.websocket.websocket_manager - INFO - logger.py:204 - [LOG] Logger initialized for app.core.websocket.websocket_manager (component: application)
2025-08-09 13:05:49 - app.core.websocket.websocket_manager - INFO - websocket_manager.py:95 - [OK] WebSocket Manager initialized
2025-08-09 13:05:49 - app.core.websocket.websocket_manager - INFO - websocket_manager.py:95 - [OK] WebSocket Manager initialized
2025-08-09 13:05:49 - __main__ - ERROR - test_phase_4c_integration.py:113 -    Reason: WebSocket manager initialization failed: TRADING_STATUS not in dict_values(['trading_status', 'portfolio_update', 'token_discovery', 'arbitrage_alert', 'trade_execution', 'system_health', 'heartbeat', 'error'])
2025-08-09 13:05:49 - __main__ - ERROR - test_phase_4c_integration.py:113 -    Reason: WebSocket message structure test failed: 'WebSocketMessage' object has no attribute 'to_json'
2025-08-09 13:05:49 - app.core.portfolio.portfolio_manager - INFO - logger.py:204 - [LOG] Logger initialized for app.core.portfolio.portfolio_manager (component: application)
2025-08-09 13:05:49 - app.core.integration.live_dashboard_service - INFO - logger.py:204 - [LOG] Logger initialized for app.core.integration.live_dashboard_service (component: application)
2025-08-09 13:05:49 - app.core.integration.live_dashboard_service - INFO - live_dashboard_service.py:152 - [OK] Live Dashboard Service initialized
2025-08-09 13:05:49 - app.core.integration.live_dashboard_service - INFO - live_dashboard_service.py:152 - [OK] Live Dashboard Service initialized
2025-08-09 13:05:49 - __main__ - ERROR - test_phase_4c_integration.py:113 -    Reason: Live dashboard service test failed: 'LiveDashboardService' object has no attribute 'initialize'
2025-08-09 13:05:49 - __main__ - ERROR - test_phase_4c_integration.py:113 -    Reason: Real-time streaming test failed: cannot import name 'PortfolioSnapshot' from 'app.core.integration.live_dashboard_service' (D:\dex_sniping\dex_sniping_project\app\core\integration\live_dashboard_service.py)
2025-08-09 13:05:49 - __main__ - INFO - test_phase_4c_integration.py:100 - ------------------------------------------------------------
2025-08-09 13:05:49 - __main__ - ERROR - test_phase_4c_integration.py:113 -    Reason: Grid strategy creation failed: cannot import name 'TradingSignal' from 'app.core.trading.trading_engine' (D:\dex_sniping\dex_sniping_project\app\core\trading\trading_engine.py)
2025-08-09 13:05:49 - __main__ - ERROR - test_phase_4c_integration.py:113 -    Reason: Arbitrage detection failed: cannot import name 'TradingSignal' from 'app.core.trading.trading_engine' (D:\dex_sniping\dex_sniping_project\app\core\trading\trading_engine.py)
2025-08-09 13:05:49 - __main__ - ERROR - test_phase_4c_integration.py:113 -    Reason: Strategy execution test failed: cannot import name 'TradingSignal' from 'app.core.trading.trading_engine' (D:\dex_sniping\dex_sniping_project\app\core\trading\trading_engine.py)
2025-08-09 13:05:49 - __main__ - ERROR - test_phase_4c_integration.py:113 -    Reason: Performance tracking test failed: cannot import name 'TradingSignal' from 'app.core.trading.trading_engine' (D:\dex_sniping\dex_sniping_project\app\core\trading\trading_engine.py)
2025-08-09 13:05:49 - __main__ - INFO - test_phase_4c_integration.py:100 - ------------------------------------------------------------
2025-08-09 13:05:49 - app.core.blockchain.base_chain - INFO - logger.py:204 - [LOG] Logger initialized for app.core.blockchain.base_chain (component: application)
2025-08-09 13:05:49 - __main__ - ERROR - test_phase_4c_integration.py:113 -    Reason: Multi-chain manager initialization failed: cannot import name 'TokenInfo' from 'app.core.blockchain.base_chain' (D:\dex_sniping\dex_sniping_project\app\core\blockchain\base_chain.py)
2025-08-09 13:05:49 - __main__ - ERROR - test_phase_4c_integration.py:113 -    Reason: Cross-chain operations test failed: cannot import name 'TokenInfo' from 'app.core.blockchain.base_chain' (D:\dex_sniping\dex_sniping_project\app\core\blockchain\base_chain.py)
2025-08-09 13:05:49 - __main__ - ERROR - test_phase_4c_integration.py:113 -    Reason: Bridge functionality test failed: cannot import name 'TokenInfo' from 'app.core.blockchain.base_chain' (D:\dex_sniping\dex_sniping_project\app\core\blockchain\base_chain.py)
2025-08-09 13:05:49 - __main__ - ERROR - test_phase_4c_integration.py:113 -    Reason: Unified portfolio tracking test failed: cannot import name 'TokenInfo' from 'app.core.blockchain.base_chain' (D:\dex_sniping\dex_sniping_project\app\core\blockchain\base_chain.py)
2025-08-09 13:05:49 - __main__ - INFO - test_phase_4c_integration.py:100 - ------------------------------------------------------------
2025-08-09 13:05:49 - __main__ - ERROR - test_phase_4c_integration.py:113 -    Reason: Cross-component communication failed: cannot import name 'AIAnalysisError' from 'app.core.exceptions' (D:\dex_sniping\dex_sniping_project\app\core\exceptions.py)
2025-08-09 13:05:49 - __main__ - ERROR - test_phase_4c_integration.py:113 -    Reason: Advanced error handling test failed: cannot import name 'AIAnalysisError' from 'app.core.exceptions' (D:\dex_sniping\dex_sniping_project\app\core\exceptions.py)
2025-08-09 13:05:49 - __main__ - ERROR - test_phase_4c_integration.py:113 -    Reason: Graceful degradation test failed: cannot import name 'TradingSignal' from 'app.core.trading.trading_engine' (D:\dex_sniping\dex_sniping_project\app\core\trading\trading_engine.py)
2025-08-09 13:05:49 - __main__ - ERROR - test_phase_4c_integration.py:113 -    Reason: System health monitoring test failed: cannot import name 'TokenInfo' from 'app.core.blockchain.base_chain' (D:\dex_sniping\dex_sniping_project\app\core\blockchain\base_chain.py)
2025-08-09 13:05:49 - __main__ - INFO - test_phase_4c_integration.py:147 - ================================================================================
2025-08-09 13:05:49 - __main__ - INFO - test_phase_4c_integration.py:149 -    Total Tests: 20
2025-08-09 13:05:49 - __main__ - INFO - test_phase_4c_integration.py:150 -    Passed: 0
2025-08-09 13:05:49 - __main__ - INFO - test_phase_4c_integration.py:151 -    Failed: 20
2025-08-09 13:05:49 - __main__ - INFO - test_phase_4c_integration.py:152 -    Success Rate: 0.0%
