2025-08-09 08:11:31 - test.windows - INFO - test_windows_logging.py:27 - [TARGET] Testing Windows-compatible logging system
2025-08-09 08:11:31 - test.windows - WARNING - test_windows_logging.py:28 - [WARN] This is a test warning
2025-08-09 08:11:31 - test.windows - ERROR - test_windows_logging.py:29 - [ERROR] This is a test error
2025-08-09 08:37:20 - app.core.database.persistence_manager - INFO - logger.py:204 - [LOG] Logger initialized for app.core.database.persistence_manager (component: database)
2025-08-09 08:37:20 - app.core.config.settings_manager - INFO - logger.py:204 - [LOG] Logger initialized for app.core.config.settings_manager (component: application)
2025-08-09 08:39:44 - app.core.database.persistence_manager - INFO - logger.py:204 - [LOG] Logger initialized for app.core.database.persistence_manager (component: database)
2025-08-09 08:39:44 - app.core.config.settings_manager - INFO - logger.py:204 - [LOG] Logger initialized for app.core.config.settings_manager (component: application)
2025-08-09 08:40:08 - app.core.database.persistence_manager - INFO - logger.py:204 - [LOG] Logger initialized for app.core.database.persistence_manager (component: database)
2025-08-09 08:40:08 - app.core.config.settings_manager - INFO - logger.py:204 - [LOG] Logger initialized for app.core.config.settings_manager (component: application)
2025-08-09 08:44:06 - test - INFO - logger.py:204 - [LOG] Logger initialized for test (component: application)
2025-08-09 08:44:07 - app.core.database.persistence_manager - INFO - logger.py:204 - [LOG] Logger initialized for app.core.database.persistence_manager (component: database)
2025-08-09 08:44:07 - app.core.config.settings_manager - INFO - logger.py:204 - [LOG] Logger initialized for app.core.config.settings_manager (component: application)
2025-08-09 08:44:12 - app.core.database.persistence_manager - INFO - logger.py:204 - [LOG] Logger initialized for app.core.database.persistence_manager (component: database)
2025-08-09 08:44:12 - app.core.config.settings_manager - INFO - logger.py:204 - [LOG] Logger initialized for app.core.config.settings_manager (component: application)
2025-08-09 08:44:13 - app.core.performance.circuit_breaker - INFO - logger.py:204 - [LOG] Logger initialized for app.core.performance.circuit_breaker (component: application)
2025-08-09 08:44:13 - app.core.performance.cache_manager - INFO - logger.py:204 - [LOG] Logger initialized for app.core.performance.cache_manager (component: application)
2025-08-09 08:44:13 - app.core.risk.risk_calculator - INFO - logger.py:204 - [LOG] Logger initialized for app.core.risk.risk_calculator (component: trading)
2025-08-09 08:46:18 - app.core.database.persistence_manager - INFO - logger.py:204 - [LOG] Logger initialized for app.core.database.persistence_manager (component: database)
2025-08-09 08:46:18 - app.core.config.settings_manager - INFO - logger.py:204 - [LOG] Logger initialized for app.core.config.settings_manager (component: application)
2025-08-09 08:46:19 - app.core.performance.circuit_breaker - INFO - logger.py:204 - [LOG] Logger initialized for app.core.performance.circuit_breaker (component: application)
2025-08-09 08:46:19 - app.core.risk.risk_calculator - INFO - logger.py:204 - [LOG] Logger initialized for app.core.risk.risk_calculator (component: trading)
2025-08-09 08:46:20 - app.models.database - INFO - logger.py:204 - [LOG] Logger initialized for app.models.database (component: database)
2025-08-09 08:47:54 - app.core.database.persistence_manager - INFO - logger.py:204 - [LOG] Logger initialized for app.core.database.persistence_manager (component: database)
2025-08-09 08:47:54 - app.core.config.settings_manager - INFO - logger.py:204 - [LOG] Logger initialized for app.core.config.settings_manager (component: application)
2025-08-09 08:47:55 - app.core.blockchain.base_chain - INFO - logger.py:204 - [LOG] Logger initialized for app.core.blockchain.base_chain (component: application)
2025-08-09 08:47:55 - app.core.performance.circuit_breaker - INFO - logger.py:204 - [LOG] Logger initialized for app.core.performance.circuit_breaker (component: application)
2025-08-09 08:47:55 - app.core.risk.risk_calculator - INFO - logger.py:204 - [LOG] Logger initialized for app.core.risk.risk_calculator (component: trading)
2025-08-09 08:47:55 - app.models.database - INFO - logger.py:204 - [LOG] Logger initialized for app.models.database (component: database)
2025-08-09 08:47:55 - app.models.database - INFO - database.py:33 - [OK] Database models initialized
2025-08-09 08:47:55 - app.core.ai.risk_assessor - INFO - logger.py:204 - [LOG] Logger initialized for app.core.ai.risk_assessor (component: application)
2025-08-09 08:48:48 - app.core.database.persistence_manager - INFO - logger.py:204 - [LOG] Logger initialized for app.core.database.persistence_manager (component: database)
2025-08-09 08:48:48 - app.core.config.settings_manager - INFO - logger.py:204 - [LOG] Logger initialized for app.core.config.settings_manager (component: application)
2025-08-09 08:48:49 - app.core.blockchain.base_chain - INFO - logger.py:204 - [LOG] Logger initialized for app.core.blockchain.base_chain (component: application)
2025-08-09 08:48:49 - app.core.performance.circuit_breaker - INFO - logger.py:204 - [LOG] Logger initialized for app.core.performance.circuit_breaker (component: application)
2025-08-09 08:48:49 - app.core.risk.risk_calculator - INFO - logger.py:204 - [LOG] Logger initialized for app.core.risk.risk_calculator (component: trading)
2025-08-09 08:48:49 - app.models.database - INFO - logger.py:204 - [LOG] Logger initialized for app.models.database (component: database)
2025-08-09 08:48:49 - app.models.database - INFO - database.py:33 - [OK] Database models initialized
2025-08-09 08:48:49 - app.core.ai.risk_assessor - INFO - logger.py:204 - [LOG] Logger initialized for app.core.ai.risk_assessor (component: application)
2025-08-09 08:50:08 - app.core.database.persistence_manager - INFO - logger.py:204 - [LOG] Logger initialized for app.core.database.persistence_manager (component: database)
2025-08-09 08:50:08 - app.core.config.settings_manager - INFO - logger.py:204 - [LOG] Logger initialized for app.core.config.settings_manager (component: application)
2025-08-09 08:50:09 - app.core.blockchain.base_chain - INFO - logger.py:204 - [LOG] Logger initialized for app.core.blockchain.base_chain (component: application)
2025-08-09 08:50:09 - app.core.performance.circuit_breaker - INFO - logger.py:204 - [LOG] Logger initialized for app.core.performance.circuit_breaker (component: application)
2025-08-09 08:50:09 - app.core.risk.risk_calculator - INFO - logger.py:204 - [LOG] Logger initialized for app.core.risk.risk_calculator (component: trading)
2025-08-09 08:50:09 - app.models.database - INFO - logger.py:204 - [LOG] Logger initialized for app.models.database (component: database)
2025-08-09 08:50:09 - app.models.database - INFO - database.py:33 - [OK] Database models initialized
2025-08-09 08:50:09 - app.core.ai.risk_assessor - INFO - logger.py:204 - [LOG] Logger initialized for app.core.ai.risk_assessor (component: application)
2025-08-09 08:50:10 - app.core.ai.honeypot_detector - INFO - logger.py:204 - [LOG] Logger initialized for app.core.ai.honeypot_detector (component: application)
2025-08-09 08:57:21 - app.core.database.persistence_manager - INFO - logger.py:204 - [LOG] Logger initialized for app.core.database.persistence_manager (component: database)
2025-08-09 08:57:21 - app.core.config.settings_manager - INFO - logger.py:204 - [LOG] Logger initialized for app.core.config.settings_manager (component: application)
2025-08-09 08:57:22 - app.core.blockchain.base_chain - INFO - logger.py:204 - [LOG] Logger initialized for app.core.blockchain.base_chain (component: application)
2025-08-09 08:57:22 - app.core.performance.circuit_breaker - INFO - logger.py:204 - [LOG] Logger initialized for app.core.performance.circuit_breaker (component: application)
2025-08-09 08:57:22 - app.core.risk.risk_calculator - INFO - logger.py:204 - [LOG] Logger initialized for app.core.risk.risk_calculator (component: trading)
2025-08-09 08:57:22 - app.models.database - INFO - logger.py:204 - [LOG] Logger initialized for app.models.database (component: database)
2025-08-09 08:57:22 - app.models.database - INFO - database.py:33 - [OK] Database models initialized
2025-08-09 08:57:22 - app.core.ai.risk_assessor - INFO - logger.py:204 - [LOG] Logger initialized for app.core.ai.risk_assessor (component: application)
2025-08-09 08:57:22 - app.core.ai.honeypot_detector - INFO - logger.py:204 - [LOG] Logger initialized for app.core.ai.honeypot_detector (component: application)
2025-08-09 08:57:22 - app.core.ai.predictive_analytics - INFO - logger.py:204 - [LOG] Logger initialized for app.core.ai.predictive_analytics (component: application)
2025-08-09 08:57:23 - app.core.websocket.websocket_manager - INFO - logger.py:204 - [LOG] Logger initialized for app.core.websocket.websocket_manager (component: application)
2025-08-09 08:58:53 - app.core.database.persistence_manager - INFO - logger.py:204 - [LOG] Logger initialized for app.core.database.persistence_manager (component: database)
2025-08-09 08:58:53 - app.core.config.settings_manager - INFO - logger.py:204 - [LOG] Logger initialized for app.core.config.settings_manager (component: application)
2025-08-09 08:58:54 - app.core.blockchain.base_chain - INFO - logger.py:204 - [LOG] Logger initialized for app.core.blockchain.base_chain (component: application)
2025-08-09 08:58:54 - app.core.performance.circuit_breaker - INFO - logger.py:204 - [LOG] Logger initialized for app.core.performance.circuit_breaker (component: application)
2025-08-09 08:58:54 - app.core.risk.risk_calculator - INFO - logger.py:204 - [LOG] Logger initialized for app.core.risk.risk_calculator (component: trading)
2025-08-09 08:58:54 - app.models.database - INFO - logger.py:204 - [LOG] Logger initialized for app.models.database (component: database)
2025-08-09 08:58:54 - app.models.database - INFO - database.py:33 - [OK] Database models initialized
2025-08-09 08:58:54 - app.core.ai.risk_assessor - INFO - logger.py:204 - [LOG] Logger initialized for app.core.ai.risk_assessor (component: application)
2025-08-09 08:58:54 - app.core.ai.honeypot_detector - INFO - logger.py:204 - [LOG] Logger initialized for app.core.ai.honeypot_detector (component: application)
2025-08-09 08:58:54 - app.core.ai.predictive_analytics - INFO - logger.py:204 - [LOG] Logger initialized for app.core.ai.predictive_analytics (component: application)
2025-08-09 08:58:54 - app.core.websocket.websocket_manager - INFO - logger.py:204 - [LOG] Logger initialized for app.core.websocket.websocket_manager (component: application)
2025-08-09 08:58:54 - app.core.websocket.websocket_manager - INFO - websocket_manager.py:95 - [OK] WebSocket Manager initialized
2025-08-09 08:58:55 - app.core.trading.transaction_executor - INFO - logger.py:204 - [LOG] Logger initialized for app.core.trading.transaction_executor (component: trading)
2025-08-09 08:58:55 - app.core.trading.transaction_executor - INFO - transaction_executor.py:223 - [ZAP] Transaction executor initialized
2025-08-09 08:58:55 - app.core.wallet.wallet_manager - INFO - logger.py:204 - [LOG] Logger initialized for app.core.wallet.wallet_manager (component: trading)
2025-08-09 08:59:46 - app.core.database.persistence_manager - INFO - logger.py:204 - [LOG] Logger initialized for app.core.database.persistence_manager (component: database)
2025-08-09 08:59:46 - app.core.config.settings_manager - INFO - logger.py:204 - [LOG] Logger initialized for app.core.config.settings_manager (component: application)
2025-08-09 08:59:47 - app.core.blockchain.base_chain - INFO - logger.py:204 - [LOG] Logger initialized for app.core.blockchain.base_chain (component: application)
2025-08-09 08:59:47 - app.core.performance.circuit_breaker - INFO - logger.py:204 - [LOG] Logger initialized for app.core.performance.circuit_breaker (component: application)
2025-08-09 08:59:47 - app.core.risk.risk_calculator - INFO - logger.py:204 - [LOG] Logger initialized for app.core.risk.risk_calculator (component: trading)
2025-08-09 08:59:47 - app.models.database - INFO - logger.py:204 - [LOG] Logger initialized for app.models.database (component: database)
2025-08-09 08:59:47 - app.models.database - INFO - database.py:33 - [OK] Database models initialized
2025-08-09 08:59:47 - app.core.ai.risk_assessor - INFO - logger.py:204 - [LOG] Logger initialized for app.core.ai.risk_assessor (component: application)
2025-08-09 08:59:47 - app.core.ai.honeypot_detector - INFO - logger.py:204 - [LOG] Logger initialized for app.core.ai.honeypot_detector (component: application)
2025-08-09 08:59:47 - app.core.ai.predictive_analytics - INFO - logger.py:204 - [LOG] Logger initialized for app.core.ai.predictive_analytics (component: application)
2025-08-09 08:59:47 - app.core.websocket.websocket_manager - INFO - logger.py:204 - [LOG] Logger initialized for app.core.websocket.websocket_manager (component: application)
2025-08-09 08:59:47 - app.core.websocket.websocket_manager - INFO - websocket_manager.py:95 - [OK] WebSocket Manager initialized
2025-08-09 08:59:48 - app.core.trading.transaction_executor - INFO - logger.py:204 - [LOG] Logger initialized for app.core.trading.transaction_executor (component: trading)
2025-08-09 08:59:49 - app.core.trading.transaction_executor - INFO - transaction_executor.py:223 - [ZAP] Transaction executor initialized
2025-08-09 08:59:49 - app.core.wallet.wallet_manager - INFO - logger.py:204 - [LOG] Logger initialized for app.core.wallet.wallet_manager (component: trading)
2025-08-09 09:00:43 - app.core.database.persistence_manager - INFO - logger.py:204 - [LOG] Logger initialized for app.core.database.persistence_manager (component: database)
2025-08-09 09:00:43 - app.core.config.settings_manager - INFO - logger.py:204 - [LOG] Logger initialized for app.core.config.settings_manager (component: application)
2025-08-09 09:00:44 - app.core.blockchain.base_chain - INFO - logger.py:204 - [LOG] Logger initialized for app.core.blockchain.base_chain (component: application)
2025-08-09 09:00:44 - app.core.performance.circuit_breaker - INFO - logger.py:204 - [LOG] Logger initialized for app.core.performance.circuit_breaker (component: application)
2025-08-09 09:00:44 - app.core.risk.risk_calculator - INFO - logger.py:204 - [LOG] Logger initialized for app.core.risk.risk_calculator (component: trading)
2025-08-09 09:00:44 - app.models.database - INFO - logger.py:204 - [LOG] Logger initialized for app.models.database (component: database)
2025-08-09 09:00:44 - app.models.database - INFO - database.py:33 - [OK] Database models initialized
2025-08-09 09:00:44 - app.core.ai.risk_assessor - INFO - logger.py:204 - [LOG] Logger initialized for app.core.ai.risk_assessor (component: application)
2025-08-09 09:00:44 - app.core.ai.honeypot_detector - INFO - logger.py:204 - [LOG] Logger initialized for app.core.ai.honeypot_detector (component: application)
2025-08-09 09:00:44 - app.core.ai.predictive_analytics - INFO - logger.py:204 - [LOG] Logger initialized for app.core.ai.predictive_analytics (component: application)
2025-08-09 09:00:44 - app.core.websocket.websocket_manager - INFO - logger.py:204 - [LOG] Logger initialized for app.core.websocket.websocket_manager (component: application)
2025-08-09 09:00:44 - app.core.websocket.websocket_manager - INFO - websocket_manager.py:95 - [OK] WebSocket Manager initialized
2025-08-09 09:00:46 - app.core.trading.transaction_executor - INFO - logger.py:204 - [LOG] Logger initialized for app.core.trading.transaction_executor (component: trading)
2025-08-09 09:00:46 - app.core.trading.transaction_executor - INFO - transaction_executor.py:223 - [ZAP] Transaction executor initialized
2025-08-09 09:00:46 - app.core.wallet.wallet_manager - INFO - logger.py:204 - [LOG] Logger initialized for app.core.wallet.wallet_manager (component: trading)
2025-08-09 09:00:46 - app.core.dex.dex_integration - INFO - logger.py:204 - [LOG] Logger initialized for app.core.dex.dex_integration (component: trading)
2025-08-09 09:00:46 - app.core.trading.trading_engine - INFO - logger.py:204 - [LOG] Logger initialized for app.core.trading.trading_engine (component: trading)
2025-08-09 09:00:46 - __main__ - INFO - logger.py:204 - [LOG] Logger initialized for __main__ (component: application)
2025-08-09 09:00:46 - test_logger - INFO - logger.py:204 - [LOG] Logger initialized for test_logger (component: application)
2025-08-09 09:00:46 - test_logger - INFO - test_all_features.py:171 - Test log message
2025-08-09 09:00:46 - app.core.database.persistence_manager - INFO - persistence_manager.py:179 - [DATA] Initializing persistence manager: data\trading_bot.db
2025-08-09 09:00:47 - app.core.database.persistence_manager - INFO - persistence_manager.py:354 - [OK] Database tables created successfully
2025-08-09 09:00:47 - app.core.database.persistence_manager - ERROR - persistence_manager.py:210 - [ERROR] Database initialization failed: 'PersistenceManager' object has no attribute '_verify_tables'
2025-08-09 09:00:47 - app.core.config.settings_manager - INFO - settings_manager.py:272 - [OK] Environment variables loaded
2025-08-09 09:00:47 - app.core.config.settings_manager - INFO - settings_manager.py:180 - [CONFIG] Settings loaded for development environment
2025-08-09 09:00:47 - app.core.config.settings_manager - INFO - settings_manager.py:394 - [OK] Configuration validation passed
2025-08-09 09:00:47 - app.core.performance.circuit_breaker - INFO - circuit_breaker.py:133 - [OK] Circuit breaker manager initialized
2025-08-09 09:00:47 - app.core.ai.risk_assessor - INFO - risk_assessor.py:211 - [OK] AI Risk Assessor initialized
2025-08-09 09:00:47 - app.core.performance.circuit_breaker - INFO - circuit_breaker.py:133 - [OK] Circuit breaker manager initialized
2025-08-09 09:00:47 - app.core.performance.circuit_breaker - INFO - circuit_breaker.py:133 - [OK] Circuit breaker manager initialized
2025-08-09 09:00:47 - app.core.ai.predictive_analytics - INFO - predictive_analytics.py:240 - [GROWTH] Predictive Analytics Engine initialized
2025-08-09 09:00:47 - app.core.websocket.websocket_manager - INFO - websocket_manager.py:95 - [OK] WebSocket Manager initialized
2025-08-09 09:00:47 - app.core.trading.transaction_executor - INFO - transaction_executor.py:223 - [ZAP] Transaction executor initialized
2025-08-09 09:00:47 - app.core.trading.trading_engine - INFO - trading_engine.py:255 - Trading Engine initialized for ethereum
2025-08-09 09:10:39 - app.core.database.persistence_manager - INFO - logger.py:204 - [LOG] Logger initialized for app.core.database.persistence_manager (component: database)
2025-08-09 09:10:39 - app.core.database.persistence_manager - INFO - persistence_manager.py:179 - [DATA] Initializing persistence manager: data\test.db
2025-08-09 09:13:35 - __main__ - INFO - logger.py:204 - [LOG] Logger initialized for __main__ (component: application)
2025-08-09 09:13:35 - test_module - INFO - logger.py:204 - [LOG] Logger initialized for test_module (component: application)
2025-08-09 09:13:35 - test_module - INFO - test_all_features.py:377 - Test log message
2025-08-09 09:13:35 - app.core.database.persistence_manager - INFO - logger.py:204 - [LOG] Logger initialized for app.core.database.persistence_manager (component: database)
2025-08-09 09:13:35 - app.core.database.persistence_manager - INFO - persistence_manager.py:179 - [DATA] Initializing persistence manager: test_db.sqlite
2025-08-09 09:13:35 - app.core.database.persistence_manager - INFO - persistence_manager.py:179 - [DATA] Initializing persistence manager: data\trading_bot.db
2025-08-09 09:13:36 - app.core.wallet.wallet_manager - INFO - logger.py:204 - [LOG] Logger initialized for app.core.wallet.wallet_manager (component: trading)
2025-08-09 09:13:36 - app.core.dex.dex_integration - INFO - logger.py:204 - [LOG] Logger initialized for app.core.dex.dex_integration (component: trading)
2025-08-09 09:13:36 - app.core.trading.trading_engine - INFO - logger.py:204 - [LOG] Logger initialized for app.core.trading.trading_engine (component: trading)
2025-08-09 09:13:36 - app.core.trading.order_executor - INFO - logger.py:204 - [LOG] Logger initialized for app.core.trading.order_executor (component: trading)
2025-08-09 09:13:36 - app.core.risk.risk_calculator - INFO - logger.py:204 - [LOG] Logger initialized for app.core.risk.risk_calculator (component: trading)
2025-08-09 09:13:37 - app.core.websocket.websocket_manager - INFO - logger.py:204 - [LOG] Logger initialized for app.core.websocket.websocket_manager (component: application)
2025-08-09 09:13:37 - app.core.websocket.websocket_manager - INFO - websocket_manager.py:95 - [OK] WebSocket Manager initialized
2025-08-09 09:13:37 - app.core.config.settings_manager - INFO - logger.py:204 - [LOG] Logger initialized for app.core.config.settings_manager (component: application)
2025-08-09 09:13:37 - app.core.config.settings_manager - INFO - settings_manager.py:272 - [OK] Environment variables loaded
2025-08-09 09:13:37 - app.core.config.settings_manager - INFO - settings_manager.py:180 - [CONFIG] Settings loaded for development environment
2025-08-09 09:13:37 - app.core.config.settings_manager - INFO - settings_manager.py:272 - [OK] Environment variables loaded
2025-08-09 09:13:37 - app.core.config.settings_manager - INFO - settings_manager.py:180 - [CONFIG] Settings loaded for development environment
2025-08-09 09:13:37 - app.core.config.settings_manager - INFO - settings_manager.py:272 - [OK] Environment variables loaded
2025-08-09 09:13:37 - app.core.config.settings_manager - INFO - settings_manager.py:180 - [CONFIG] Settings loaded for development environment
2025-08-09 09:13:37 - app.core.config.settings_manager - INFO - settings_manager.py:394 - [OK] Configuration validation passed
2025-08-09 09:15:00 - __main__ - INFO - logger.py:204 - [LOG] Logger initialized for __main__ (component: application)
2025-08-09 09:15:00 - app.main - INFO - logger.py:204 - [LOG] Logger initialized for app.main (component: application)
2025-08-09 09:15:00 - app.api.v1.endpoints.dashboard - INFO - logger.py:204 - [LOG] Logger initialized for app.api.v1.endpoints.dashboard (component: api)
2025-08-09 09:15:00 - app.core.trading.order_executor - INFO - logger.py:204 - [LOG] Logger initialized for app.core.trading.order_executor (component: trading)
2025-08-09 09:15:00 - app.core.portfolio.portfolio_manager - INFO - logger.py:204 - [LOG] Logger initialized for app.core.portfolio.portfolio_manager (component: application)
2025-08-09 09:15:00 - app.api.v1.endpoints.trading - INFO - logger.py:204 - [LOG] Logger initialized for app.api.v1.endpoints.trading (component: api)
2025-08-09 09:15:02 - app.core.wallet.wallet_connection_manager - INFO - logger.py:204 - [LOG] Logger initialized for app.core.wallet.wallet_connection_manager (component: trading)
2025-08-09 09:15:02 - app.core.database.persistence_manager - INFO - logger.py:204 - [LOG] Logger initialized for app.core.database.persistence_manager (component: database)
2025-08-09 09:15:02 - test_module - INFO - logger.py:204 - [LOG] Logger initialized for test_module (component: application)
2025-08-09 09:15:02 - test_module - INFO - test_all_features.py:377 - Test log message
2025-08-09 09:15:02 - app.core.database.persistence_manager - INFO - persistence_manager.py:179 - [DATA] Initializing persistence manager: test_db.sqlite
2025-08-09 09:15:02 - app.core.database.persistence_manager - INFO - persistence_manager.py:179 - [DATA] Initializing persistence manager: data\trading_bot.db
2025-08-09 09:15:02 - app.core.wallet.wallet_manager - INFO - logger.py:204 - [LOG] Logger initialized for app.core.wallet.wallet_manager (component: trading)
2025-08-09 09:15:02 - app.core.dex.dex_integration - INFO - logger.py:204 - [LOG] Logger initialized for app.core.dex.dex_integration (component: trading)
2025-08-09 09:15:02 - app.core.trading.trading_engine - INFO - logger.py:204 - [LOG] Logger initialized for app.core.trading.trading_engine (component: trading)
2025-08-09 09:15:02 - app.core.risk.risk_calculator - INFO - logger.py:204 - [LOG] Logger initialized for app.core.risk.risk_calculator (component: trading)
2025-08-09 09:15:02 - app.core.websocket.websocket_manager - INFO - logger.py:204 - [LOG] Logger initialized for app.core.websocket.websocket_manager (component: application)
2025-08-09 09:15:02 - app.core.websocket.websocket_manager - INFO - websocket_manager.py:95 - [OK] WebSocket Manager initialized
2025-08-09 09:15:02 - app.core.config.settings_manager - INFO - logger.py:204 - [LOG] Logger initialized for app.core.config.settings_manager (component: application)
2025-08-09 09:15:02 - app.core.config.settings_manager - INFO - settings_manager.py:272 - [OK] Environment variables loaded
2025-08-09 09:15:02 - app.core.config.settings_manager - INFO - settings_manager.py:180 - [CONFIG] Settings loaded for development environment
2025-08-09 09:15:02 - app.core.config.settings_manager - INFO - settings_manager.py:272 - [OK] Environment variables loaded
2025-08-09 09:15:02 - app.core.config.settings_manager - INFO - settings_manager.py:180 - [CONFIG] Settings loaded for development environment
2025-08-09 09:15:02 - app.core.config.settings_manager - INFO - settings_manager.py:272 - [OK] Environment variables loaded
2025-08-09 09:15:02 - app.core.config.settings_manager - INFO - settings_manager.py:180 - [CONFIG] Settings loaded for development environment
2025-08-09 09:15:02 - app.core.config.settings_manager - INFO - settings_manager.py:394 - [OK] Configuration validation passed
2025-08-09 09:24:25 - __main__ - INFO - logger.py:204 - [LOG] Logger initialized for __main__ (component: application)
2025-08-09 09:24:25 - app.main - INFO - logger.py:204 - [LOG] Logger initialized for app.main (component: application)
2025-08-09 09:24:25 - app.api.v1.endpoints.dashboard - INFO - logger.py:204 - [LOG] Logger initialized for app.api.v1.endpoints.dashboard (component: api)
2025-08-09 09:24:26 - app.core.trading.order_executor - INFO - logger.py:204 - [LOG] Logger initialized for app.core.trading.order_executor (component: trading)
2025-08-09 09:24:26 - app.core.portfolio.portfolio_manager - INFO - logger.py:204 - [LOG] Logger initialized for app.core.portfolio.portfolio_manager (component: application)
2025-08-09 09:24:26 - app.api.v1.endpoints.trading - INFO - logger.py:204 - [LOG] Logger initialized for app.api.v1.endpoints.trading (component: api)
2025-08-09 09:24:27 - app.core.wallet.wallet_connection_manager - INFO - logger.py:204 - [LOG] Logger initialized for app.core.wallet.wallet_connection_manager (component: trading)
2025-08-09 09:24:27 - app.core.database.persistence_manager - INFO - logger.py:204 - [LOG] Logger initialized for app.core.database.persistence_manager (component: database)
2025-08-09 09:24:27 - test_module - INFO - logger.py:204 - [LOG] Logger initialized for test_module (component: application)
2025-08-09 09:24:27 - test_module - INFO - test_all_features.py:377 - Test log message
2025-08-09 09:24:27 - app.core.database.persistence_manager - INFO - persistence_manager.py:179 - [DATA] Initializing persistence manager: test_db.sqlite
2025-08-09 09:24:27 - app.core.database.persistence_manager - INFO - persistence_manager.py:179 - [DATA] Initializing persistence manager: data\trading_bot.db
2025-08-09 09:24:27 - app.core.wallet.wallet_manager - INFO - logger.py:204 - [LOG] Logger initialized for app.core.wallet.wallet_manager (component: trading)
2025-08-09 09:24:27 - app.core.dex.dex_integration - INFO - logger.py:204 - [LOG] Logger initialized for app.core.dex.dex_integration (component: trading)
2025-08-09 09:24:27 - app.core.trading.trading_engine - INFO - logger.py:204 - [LOG] Logger initialized for app.core.trading.trading_engine (component: trading)
2025-08-09 09:24:27 - app.core.analytics.portfolio_analyzer - INFO - logger.py:204 - [LOG] Logger initialized for app.core.analytics.portfolio_analyzer (component: application)
2025-08-09 09:24:27 - app.core.analytics.portfolio_analyzer - INFO - portfolio_analyzer.py:85 - [ANALYTICS] PortfolioAnalyzer initialized
2025-08-09 09:24:27 - app.core.risk.risk_manager - INFO - logger.py:204 - [LOG] Logger initialized for app.core.risk.risk_manager (component: application)
2025-08-09 09:24:27 - app.core.risk.risk_manager - INFO - risk_manager.py:128 - [RISK] RiskManager initialized
2025-08-09 09:24:27 - app.core.websocket.websocket_manager - INFO - logger.py:204 - [LOG] Logger initialized for app.core.websocket.websocket_manager (component: application)
2025-08-09 09:24:27 - app.core.websocket.websocket_manager - INFO - websocket_manager.py:95 - [OK] WebSocket Manager initialized
2025-08-09 09:24:27 - app.core.config.settings_manager - INFO - logger.py:204 - [LOG] Logger initialized for app.core.config.settings_manager (component: application)
2025-08-09 09:24:27 - app.core.config.settings_manager - INFO - settings_manager.py:272 - [OK] Environment variables loaded
2025-08-09 09:24:27 - app.core.config.settings_manager - INFO - settings_manager.py:180 - [CONFIG] Settings loaded for development environment
2025-08-09 09:24:27 - app.core.config.settings_manager - INFO - settings_manager.py:272 - [OK] Environment variables loaded
2025-08-09 09:24:27 - app.core.config.settings_manager - INFO - settings_manager.py:180 - [CONFIG] Settings loaded for development environment
2025-08-09 09:24:27 - app.core.config.settings_manager - INFO - settings_manager.py:272 - [OK] Environment variables loaded
2025-08-09 09:24:27 - app.core.config.settings_manager - INFO - settings_manager.py:180 - [CONFIG] Settings loaded for development environment
2025-08-09 09:24:27 - app.core.config.settings_manager - INFO - settings_manager.py:394 - [OK] Configuration validation passed
2025-08-09 09:26:04 - __main__ - INFO - logger.py:204 - [LOG] Logger initialized for __main__ (component: application)
2025-08-09 09:26:04 - app.main - INFO - logger.py:204 - [LOG] Logger initialized for app.main (component: application)
2025-08-09 09:26:04 - app.api.v1.endpoints.dashboard - INFO - logger.py:204 - [LOG] Logger initialized for app.api.v1.endpoints.dashboard (component: api)
2025-08-09 09:26:04 - app.core.trading.order_executor - INFO - logger.py:204 - [LOG] Logger initialized for app.core.trading.order_executor (component: trading)
2025-08-09 09:26:04 - app.core.portfolio.portfolio_manager - INFO - logger.py:204 - [LOG] Logger initialized for app.core.portfolio.portfolio_manager (component: application)
2025-08-09 09:26:04 - app.api.v1.endpoints.trading - INFO - logger.py:204 - [LOG] Logger initialized for app.api.v1.endpoints.trading (component: api)
2025-08-09 09:26:05 - app.core.wallet.wallet_connection_manager - INFO - logger.py:204 - [LOG] Logger initialized for app.core.wallet.wallet_connection_manager (component: trading)
2025-08-09 09:26:05 - app.core.database.persistence_manager - INFO - logger.py:204 - [LOG] Logger initialized for app.core.database.persistence_manager (component: database)
2025-08-09 09:26:05 - test_module - INFO - logger.py:204 - [LOG] Logger initialized for test_module (component: application)
2025-08-09 09:26:05 - test_module - INFO - test_all_features.py:377 - Test log message
2025-08-09 09:26:05 - app.core.database.persistence_manager - INFO - persistence_manager.py:179 - [DATA] Initializing persistence manager: test_db.sqlite
2025-08-09 09:26:05 - app.core.database.persistence_manager - INFO - persistence_manager.py:179 - [DATA] Initializing persistence manager: data\trading_bot.db
2025-08-09 09:26:05 - app.core.wallet.wallet_manager - INFO - logger.py:204 - [LOG] Logger initialized for app.core.wallet.wallet_manager (component: trading)
2025-08-09 09:26:05 - app.core.dex.dex_integration - INFO - logger.py:204 - [LOG] Logger initialized for app.core.dex.dex_integration (component: trading)
2025-08-09 09:26:05 - app.core.trading.trading_engine - INFO - logger.py:204 - [LOG] Logger initialized for app.core.trading.trading_engine (component: trading)
2025-08-09 09:26:05 - app.core.analytics.portfolio_analyzer - INFO - logger.py:204 - [LOG] Logger initialized for app.core.analytics.portfolio_analyzer (component: application)
2025-08-09 09:26:05 - app.core.analytics.portfolio_analyzer - INFO - portfolio_analyzer.py:85 - [ANALYTICS] PortfolioAnalyzer initialized
2025-08-09 09:26:05 - app.core.risk.risk_manager - INFO - logger.py:204 - [LOG] Logger initialized for app.core.risk.risk_manager (component: application)
2025-08-09 09:26:05 - app.core.risk.risk_manager - INFO - risk_manager.py:128 - [RISK] RiskManager initialized
2025-08-09 09:26:05 - app.core.websocket.websocket_manager - INFO - logger.py:204 - [LOG] Logger initialized for app.core.websocket.websocket_manager (component: application)
2025-08-09 09:26:05 - app.core.websocket.websocket_manager - INFO - websocket_manager.py:95 - [OK] WebSocket Manager initialized
2025-08-09 09:26:05 - app.core.config.settings_manager - INFO - logger.py:204 - [LOG] Logger initialized for app.core.config.settings_manager (component: application)
2025-08-09 09:26:05 - app.core.config.settings_manager - INFO - settings_manager.py:272 - [OK] Environment variables loaded
2025-08-09 09:26:05 - app.core.config.settings_manager - INFO - settings_manager.py:180 - [CONFIG] Settings loaded for development environment
2025-08-09 09:26:05 - app.core.config.settings_manager - INFO - settings_manager.py:272 - [OK] Environment variables loaded
2025-08-09 09:26:05 - app.core.config.settings_manager - INFO - settings_manager.py:180 - [CONFIG] Settings loaded for development environment
2025-08-09 09:26:05 - app.core.config.settings_manager - INFO - settings_manager.py:272 - [OK] Environment variables loaded
2025-08-09 09:26:05 - app.core.config.settings_manager - INFO - settings_manager.py:180 - [CONFIG] Settings loaded for development environment
2025-08-09 09:26:05 - app.core.config.settings_manager - INFO - settings_manager.py:394 - [OK] Configuration validation passed
2025-08-09 09:28:43 - __main__ - INFO - logger.py:204 - [LOG] Logger initialized for __main__ (component: application)
2025-08-09 09:28:44 - app.main - INFO - logger.py:204 - [LOG] Logger initialized for app.main (component: application)
2025-08-09 09:28:44 - app.api.v1.endpoints.dashboard - INFO - logger.py:204 - [LOG] Logger initialized for app.api.v1.endpoints.dashboard (component: api)
2025-08-09 09:28:44 - app.core.trading.order_executor - INFO - logger.py:204 - [LOG] Logger initialized for app.core.trading.order_executor (component: trading)
2025-08-09 09:28:44 - app.core.portfolio.portfolio_manager - INFO - logger.py:204 - [LOG] Logger initialized for app.core.portfolio.portfolio_manager (component: application)
2025-08-09 09:28:44 - app.api.v1.endpoints.trading - INFO - logger.py:204 - [LOG] Logger initialized for app.api.v1.endpoints.trading (component: api)
2025-08-09 09:28:45 - app.core.wallet.wallet_connection_manager - INFO - logger.py:204 - [LOG] Logger initialized for app.core.wallet.wallet_connection_manager (component: trading)
2025-08-09 09:28:45 - app.core.database.persistence_manager - INFO - logger.py:204 - [LOG] Logger initialized for app.core.database.persistence_manager (component: database)
2025-08-09 09:28:45 - test_module - INFO - logger.py:204 - [LOG] Logger initialized for test_module (component: application)
2025-08-09 09:28:45 - test_module - INFO - test_all_features.py:377 - Test log message
2025-08-09 09:28:45 - app.core.database.persistence_manager - INFO - persistence_manager.py:179 - [DATA] Initializing persistence manager: test_db.sqlite
2025-08-09 09:28:45 - app.core.database.persistence_manager - INFO - persistence_manager.py:179 - [DATA] Initializing persistence manager: data\trading_bot.db
2025-08-09 09:28:45 - app.core.wallet.wallet_manager - INFO - logger.py:204 - [LOG] Logger initialized for app.core.wallet.wallet_manager (component: trading)
2025-08-09 09:28:45 - app.core.dex.dex_integration - INFO - logger.py:204 - [LOG] Logger initialized for app.core.dex.dex_integration (component: trading)
2025-08-09 09:28:45 - app.core.trading.trading_engine - INFO - logger.py:204 - [LOG] Logger initialized for app.core.trading.trading_engine (component: trading)
2025-08-09 09:28:45 - app.core.analytics.portfolio_analyzer - INFO - logger.py:204 - [LOG] Logger initialized for app.core.analytics.portfolio_analyzer (component: application)
2025-08-09 09:28:45 - app.core.analytics.portfolio_analyzer - INFO - portfolio_analyzer.py:85 - [ANALYTICS] PortfolioAnalyzer initialized
2025-08-09 09:28:45 - app.core.risk.risk_manager - INFO - logger.py:204 - [LOG] Logger initialized for app.core.risk.risk_manager (component: application)
2025-08-09 09:28:45 - app.core.risk.risk_manager - INFO - risk_manager.py:128 - [RISK] RiskManager initialized
2025-08-09 09:28:45 - app.core.websocket.websocket_manager - INFO - logger.py:204 - [LOG] Logger initialized for app.core.websocket.websocket_manager (component: application)
2025-08-09 09:28:45 - app.core.websocket.websocket_manager - INFO - websocket_manager.py:95 - [OK] WebSocket Manager initialized
2025-08-09 09:28:45 - app.core.config.settings_manager - INFO - logger.py:204 - [LOG] Logger initialized for app.core.config.settings_manager (component: application)
2025-08-09 09:28:45 - app.core.config.settings_manager - INFO - settings_manager.py:272 - [OK] Environment variables loaded
2025-08-09 09:28:45 - app.core.config.settings_manager - INFO - settings_manager.py:180 - [CONFIG] Settings loaded for development environment
2025-08-09 09:28:45 - app.core.config.settings_manager - INFO - settings_manager.py:272 - [OK] Environment variables loaded
2025-08-09 09:28:45 - app.core.config.settings_manager - INFO - settings_manager.py:180 - [CONFIG] Settings loaded for development environment
2025-08-09 09:28:45 - app.core.config.settings_manager - INFO - settings_manager.py:272 - [OK] Environment variables loaded
2025-08-09 09:28:45 - app.core.config.settings_manager - INFO - settings_manager.py:180 - [CONFIG] Settings loaded for development environment
2025-08-09 09:28:45 - app.core.config.settings_manager - INFO - settings_manager.py:394 - [OK] Configuration validation passed
2025-08-09 09:30:01 - app.core.security.wallet_security - INFO - logger.py:204 - [LOG] Logger initialized for app.core.security.wallet_security (component: application)
2025-08-09 09:30:01 - app.core.security.wallet_security - INFO - wallet_security.py:84 - [SECURITY] WalletSecurityManager initialized
2025-08-09 09:31:12 - app.core.security.wallet_security - INFO - logger.py:204 - [LOG] Logger initialized for app.core.security.wallet_security (component: application)
2025-08-09 09:31:12 - app.core.security.wallet_security - INFO - wallet_security.py:84 - [SECURITY] WalletSecurityManager initialized
2025-08-09 09:31:12 - app.core.security.api_auth - INFO - logger.py:204 - [LOG] Logger initialized for app.core.security.api_auth (component: api)
2025-08-09 09:31:12 - app.core.security.api_auth - INFO - api_auth.py:75 - [AUTH] APIAuthManager initialized (dependency-free)
2025-08-09 09:31:12 - app.core.security.input_validator - INFO - logger.py:204 - [LOG] Logger initialized for app.core.security.input_validator (component: application)
2025-08-09 09:31:12 - app.core.security.input_validator - INFO - input_validator.py:52 - [VALIDATION] InputValidator initialized
2025-08-09 09:31:12 - app.core.security.error_sanitizer - INFO - logger.py:204 - [LOG] Logger initialized for app.core.security.error_sanitizer (component: application)
2025-08-09 09:31:12 - app.core.security.error_sanitizer - INFO - error_sanitizer.py:58 - [SANITIZER] ErrorSanitizer initialized
2025-08-09 09:31:12 - app.core.security.wallet_security - INFO - wallet_security.py:84 - [SECURITY] WalletSecurityManager initialized
2025-08-09 09:31:12 - app.core.security.api_auth - INFO - api_auth.py:75 - [AUTH] APIAuthManager initialized (dependency-free)
2025-08-09 09:31:12 - app.core.security.input_validator - INFO - input_validator.py:52 - [VALIDATION] InputValidator initialized
2025-08-09 09:31:12 - app.core.security.error_sanitizer - INFO - error_sanitizer.py:58 - [SANITIZER] ErrorSanitizer initialized
2025-08-09 09:31:14 - app.core.security.wallet_security - INFO - logger.py:204 - [LOG] Logger initialized for app.core.security.wallet_security (component: application)
2025-08-09 09:31:14 - app.core.security.wallet_security - INFO - wallet_security.py:84 - [SECURITY] WalletSecurityManager initialized
2025-08-09 09:31:14 - app.core.security.api_auth - INFO - logger.py:204 - [LOG] Logger initialized for app.core.security.api_auth (component: api)
2025-08-09 09:31:15 - app.core.security.api_auth - INFO - api_auth.py:75 - [AUTH] APIAuthManager initialized (dependency-free)
2025-08-09 09:31:15 - app.core.security.input_validator - INFO - logger.py:204 - [LOG] Logger initialized for app.core.security.input_validator (component: application)
2025-08-09 09:31:15 - app.core.security.input_validator - INFO - input_validator.py:52 - [VALIDATION] InputValidator initialized
2025-08-09 09:31:15 - app.core.security.error_sanitizer - INFO - logger.py:204 - [LOG] Logger initialized for app.core.security.error_sanitizer (component: application)
2025-08-09 09:31:15 - app.core.security.error_sanitizer - INFO - error_sanitizer.py:58 - [SANITIZER] ErrorSanitizer initialized
2025-08-09 09:31:20 - __main__ - INFO - logger.py:204 - [LOG] Logger initialized for __main__ (component: application)
2025-08-09 09:31:21 - app.main - INFO - logger.py:204 - [LOG] Logger initialized for app.main (component: application)
2025-08-09 09:31:21 - app.api.v1.endpoints.dashboard - INFO - logger.py:204 - [LOG] Logger initialized for app.api.v1.endpoints.dashboard (component: api)
2025-08-09 09:31:21 - app.core.trading.order_executor - INFO - logger.py:204 - [LOG] Logger initialized for app.core.trading.order_executor (component: trading)
2025-08-09 09:31:21 - app.core.portfolio.portfolio_manager - INFO - logger.py:204 - [LOG] Logger initialized for app.core.portfolio.portfolio_manager (component: application)
2025-08-09 09:31:21 - app.api.v1.endpoints.trading - INFO - logger.py:204 - [LOG] Logger initialized for app.api.v1.endpoints.trading (component: api)
2025-08-09 09:31:22 - app.core.wallet.wallet_connection_manager - INFO - logger.py:204 - [LOG] Logger initialized for app.core.wallet.wallet_connection_manager (component: trading)
2025-08-09 09:31:22 - app.core.database.persistence_manager - INFO - logger.py:204 - [LOG] Logger initialized for app.core.database.persistence_manager (component: database)
2025-08-09 09:31:22 - test_module - INFO - logger.py:204 - [LOG] Logger initialized for test_module (component: application)
2025-08-09 09:31:22 - test_module - INFO - test_all_features.py:377 - Test log message
2025-08-09 09:31:22 - app.core.database.persistence_manager - INFO - persistence_manager.py:179 - [DATA] Initializing persistence manager: test_db.sqlite
2025-08-09 09:31:22 - app.core.database.persistence_manager - INFO - persistence_manager.py:179 - [DATA] Initializing persistence manager: data\trading_bot.db
2025-08-09 09:31:22 - app.core.wallet.wallet_manager - INFO - logger.py:204 - [LOG] Logger initialized for app.core.wallet.wallet_manager (component: trading)
2025-08-09 09:31:22 - app.core.dex.dex_integration - INFO - logger.py:204 - [LOG] Logger initialized for app.core.dex.dex_integration (component: trading)
2025-08-09 09:31:22 - app.core.trading.trading_engine - INFO - logger.py:204 - [LOG] Logger initialized for app.core.trading.trading_engine (component: trading)
2025-08-09 09:31:22 - app.core.analytics.portfolio_analyzer - INFO - logger.py:204 - [LOG] Logger initialized for app.core.analytics.portfolio_analyzer (component: application)
2025-08-09 09:31:22 - app.core.analytics.portfolio_analyzer - INFO - portfolio_analyzer.py:85 - [ANALYTICS] PortfolioAnalyzer initialized
2025-08-09 09:31:22 - app.core.risk.risk_manager - INFO - logger.py:204 - [LOG] Logger initialized for app.core.risk.risk_manager (component: application)
2025-08-09 09:31:22 - app.core.risk.risk_manager - INFO - risk_manager.py:128 - [RISK] RiskManager initialized
2025-08-09 09:31:22 - app.core.websocket.websocket_manager - INFO - logger.py:204 - [LOG] Logger initialized for app.core.websocket.websocket_manager (component: application)
2025-08-09 09:31:22 - app.core.websocket.websocket_manager - INFO - websocket_manager.py:95 - [OK] WebSocket Manager initialized
2025-08-09 09:31:22 - app.core.config.settings_manager - INFO - logger.py:204 - [LOG] Logger initialized for app.core.config.settings_manager (component: application)
2025-08-09 09:31:22 - app.core.config.settings_manager - INFO - settings_manager.py:272 - [OK] Environment variables loaded
2025-08-09 09:31:22 - app.core.config.settings_manager - INFO - settings_manager.py:180 - [CONFIG] Settings loaded for development environment
2025-08-09 09:31:22 - app.core.config.settings_manager - INFO - settings_manager.py:272 - [OK] Environment variables loaded
2025-08-09 09:31:22 - app.core.config.settings_manager - INFO - settings_manager.py:180 - [CONFIG] Settings loaded for development environment
2025-08-09 09:31:22 - app.core.config.settings_manager - INFO - settings_manager.py:272 - [OK] Environment variables loaded
2025-08-09 09:31:22 - app.core.config.settings_manager - INFO - settings_manager.py:180 - [CONFIG] Settings loaded for development environment
2025-08-09 09:31:22 - app.core.config.settings_manager - INFO - settings_manager.py:394 - [OK] Configuration validation passed
2025-08-09 09:32:15 - app.core.security.wallet_security - INFO - logger.py:204 - [LOG] Logger initialized for app.core.security.wallet_security (component: application)
2025-08-09 09:32:15 - app.core.security.wallet_security - INFO - wallet_security.py:84 - [SECURITY] WalletSecurityManager initialized
2025-08-09 09:32:15 - app.core.security.api_auth - INFO - logger.py:204 - [LOG] Logger initialized for app.core.security.api_auth (component: api)
2025-08-09 09:32:15 - app.core.security.api_auth - INFO - api_auth.py:75 - [AUTH] APIAuthManager initialized (dependency-free)
2025-08-09 09:32:15 - app.core.security.input_validator - INFO - logger.py:204 - [LOG] Logger initialized for app.core.security.input_validator (component: application)
2025-08-09 09:32:15 - app.core.security.input_validator - INFO - input_validator.py:52 - [VALIDATION] InputValidator initialized
2025-08-09 09:32:15 - app.core.security.error_sanitizer - INFO - logger.py:204 - [LOG] Logger initialized for app.core.security.error_sanitizer (component: application)
2025-08-09 09:32:15 - app.core.security.error_sanitizer - INFO - error_sanitizer.py:58 - [SANITIZER] ErrorSanitizer initialized
2025-08-09 09:32:22 - __main__ - INFO - logger.py:204 - [LOG] Logger initialized for __main__ (component: application)
2025-08-09 09:32:22 - app.main - INFO - logger.py:204 - [LOG] Logger initialized for app.main (component: application)
2025-08-09 09:32:22 - app.api.v1.endpoints.dashboard - INFO - logger.py:204 - [LOG] Logger initialized for app.api.v1.endpoints.dashboard (component: api)
2025-08-09 09:32:22 - app.core.trading.order_executor - INFO - logger.py:204 - [LOG] Logger initialized for app.core.trading.order_executor (component: trading)
2025-08-09 09:32:22 - app.core.portfolio.portfolio_manager - INFO - logger.py:204 - [LOG] Logger initialized for app.core.portfolio.portfolio_manager (component: application)
2025-08-09 09:32:22 - app.api.v1.endpoints.trading - INFO - logger.py:204 - [LOG] Logger initialized for app.api.v1.endpoints.trading (component: api)
2025-08-09 09:32:23 - app.core.wallet.wallet_connection_manager - INFO - logger.py:204 - [LOG] Logger initialized for app.core.wallet.wallet_connection_manager (component: trading)
2025-08-09 09:32:23 - app.core.database.persistence_manager - INFO - logger.py:204 - [LOG] Logger initialized for app.core.database.persistence_manager (component: database)
2025-08-09 09:32:23 - test_module - INFO - logger.py:204 - [LOG] Logger initialized for test_module (component: application)
2025-08-09 09:32:23 - test_module - INFO - test_all_features.py:377 - Test log message
2025-08-09 09:32:23 - app.core.database.persistence_manager - INFO - persistence_manager.py:179 - [DATA] Initializing persistence manager: test_db.sqlite
2025-08-09 09:32:23 - app.core.database.persistence_manager - INFO - persistence_manager.py:179 - [DATA] Initializing persistence manager: data\trading_bot.db
2025-08-09 09:32:23 - app.core.wallet.wallet_manager - INFO - logger.py:204 - [LOG] Logger initialized for app.core.wallet.wallet_manager (component: trading)
2025-08-09 09:32:23 - app.core.dex.dex_integration - INFO - logger.py:204 - [LOG] Logger initialized for app.core.dex.dex_integration (component: trading)
2025-08-09 09:32:23 - app.core.trading.trading_engine - INFO - logger.py:204 - [LOG] Logger initialized for app.core.trading.trading_engine (component: trading)
2025-08-09 09:32:24 - app.core.analytics.portfolio_analyzer - INFO - logger.py:204 - [LOG] Logger initialized for app.core.analytics.portfolio_analyzer (component: application)
2025-08-09 09:32:24 - app.core.analytics.portfolio_analyzer - INFO - portfolio_analyzer.py:85 - [ANALYTICS] PortfolioAnalyzer initialized
2025-08-09 09:32:24 - app.core.risk.risk_manager - INFO - logger.py:204 - [LOG] Logger initialized for app.core.risk.risk_manager (component: application)
2025-08-09 09:32:24 - app.core.risk.risk_manager - INFO - risk_manager.py:128 - [RISK] RiskManager initialized
2025-08-09 09:32:24 - app.core.websocket.websocket_manager - INFO - logger.py:204 - [LOG] Logger initialized for app.core.websocket.websocket_manager (component: application)
2025-08-09 09:32:24 - app.core.websocket.websocket_manager - INFO - websocket_manager.py:95 - [OK] WebSocket Manager initialized
2025-08-09 09:32:24 - app.core.config.settings_manager - INFO - logger.py:204 - [LOG] Logger initialized for app.core.config.settings_manager (component: application)
2025-08-09 09:32:24 - app.core.config.settings_manager - INFO - settings_manager.py:272 - [OK] Environment variables loaded
2025-08-09 09:32:24 - app.core.config.settings_manager - INFO - settings_manager.py:180 - [CONFIG] Settings loaded for development environment
2025-08-09 09:32:24 - app.core.config.settings_manager - INFO - settings_manager.py:272 - [OK] Environment variables loaded
2025-08-09 09:32:24 - app.core.config.settings_manager - INFO - settings_manager.py:180 - [CONFIG] Settings loaded for development environment
2025-08-09 09:32:24 - app.core.config.settings_manager - INFO - settings_manager.py:272 - [OK] Environment variables loaded
2025-08-09 09:32:24 - app.core.config.settings_manager - INFO - settings_manager.py:180 - [CONFIG] Settings loaded for development environment
2025-08-09 09:32:24 - app.core.config.settings_manager - INFO - settings_manager.py:394 - [OK] Configuration validation passed
2025-08-09 09:33:06 - app.core.security.wallet_security - INFO - logger.py:204 - [LOG] Logger initialized for app.core.security.wallet_security (component: application)
2025-08-09 09:33:06 - app.core.security.wallet_security - INFO - wallet_security.py:84 - [SECURITY] WalletSecurityManager initialized
2025-08-09 09:33:06 - app.core.security.wallet_security - INFO - wallet_security.py:84 - [SECURITY] WalletSecurityManager initialized
2025-08-09 09:33:06 - app.core.security.api_auth - INFO - logger.py:204 - [LOG] Logger initialized for app.core.security.api_auth (component: api)
2025-08-09 09:33:06 - app.core.security.api_auth - INFO - api_auth.py:75 - [AUTH] APIAuthManager initialized (dependency-free)
2025-08-09 09:33:06 - app.core.security.api_auth - INFO - api_auth.py:75 - [AUTH] APIAuthManager initialized (dependency-free)
2025-08-09 09:33:06 - app.core.security.input_validator - INFO - logger.py:204 - [LOG] Logger initialized for app.core.security.input_validator (component: application)
2025-08-09 09:33:06 - app.core.security.input_validator - INFO - input_validator.py:52 - [VALIDATION] InputValidator initialized
2025-08-09 09:33:06 - app.core.security.input_validator - INFO - input_validator.py:52 - [VALIDATION] InputValidator initialized
2025-08-09 09:33:06 - app.core.security.error_sanitizer - INFO - logger.py:204 - [LOG] Logger initialized for app.core.security.error_sanitizer (component: application)
2025-08-09 09:33:06 - app.core.security.error_sanitizer - INFO - error_sanitizer.py:58 - [SANITIZER] ErrorSanitizer initialized
2025-08-09 09:33:06 - app.core.security.error_sanitizer - INFO - error_sanitizer.py:58 - [SANITIZER] ErrorSanitizer initialized
2025-08-09 09:33:20 - __main__ - INFO - logger.py:204 - [LOG] Logger initialized for __main__ (component: application)
2025-08-09 09:33:21 - app.main - INFO - logger.py:204 - [LOG] Logger initialized for app.main (component: application)
2025-08-09 09:33:21 - app.api.v1.endpoints.dashboard - INFO - logger.py:204 - [LOG] Logger initialized for app.api.v1.endpoints.dashboard (component: api)
2025-08-09 09:33:21 - app.core.trading.order_executor - INFO - logger.py:204 - [LOG] Logger initialized for app.core.trading.order_executor (component: trading)
2025-08-09 09:33:21 - app.core.portfolio.portfolio_manager - INFO - logger.py:204 - [LOG] Logger initialized for app.core.portfolio.portfolio_manager (component: application)
2025-08-09 09:33:21 - app.api.v1.endpoints.trading - INFO - logger.py:204 - [LOG] Logger initialized for app.api.v1.endpoints.trading (component: api)
2025-08-09 09:33:22 - app.core.wallet.wallet_connection_manager - INFO - logger.py:204 - [LOG] Logger initialized for app.core.wallet.wallet_connection_manager (component: trading)
2025-08-09 09:33:22 - app.core.database.persistence_manager - INFO - logger.py:204 - [LOG] Logger initialized for app.core.database.persistence_manager (component: database)
2025-08-09 09:33:22 - test_module - INFO - logger.py:204 - [LOG] Logger initialized for test_module (component: application)
2025-08-09 09:33:22 - test_module - INFO - test_all_features.py:377 - Test log message
2025-08-09 09:33:22 - app.core.database.persistence_manager - INFO - persistence_manager.py:179 - [DATA] Initializing persistence manager: test_db.sqlite
2025-08-09 09:33:22 - app.core.database.persistence_manager - INFO - persistence_manager.py:179 - [DATA] Initializing persistence manager: data\trading_bot.db
2025-08-09 09:33:22 - app.core.wallet.wallet_manager - INFO - logger.py:204 - [LOG] Logger initialized for app.core.wallet.wallet_manager (component: trading)
2025-08-09 09:33:22 - app.core.dex.dex_integration - INFO - logger.py:204 - [LOG] Logger initialized for app.core.dex.dex_integration (component: trading)
2025-08-09 09:33:22 - app.core.trading.trading_engine - INFO - logger.py:204 - [LOG] Logger initialized for app.core.trading.trading_engine (component: trading)
2025-08-09 09:33:22 - app.core.analytics.portfolio_analyzer - INFO - logger.py:204 - [LOG] Logger initialized for app.core.analytics.portfolio_analyzer (component: application)
2025-08-09 09:33:22 - app.core.analytics.portfolio_analyzer - INFO - portfolio_analyzer.py:85 - [ANALYTICS] PortfolioAnalyzer initialized
2025-08-09 09:33:22 - app.core.risk.risk_manager - INFO - logger.py:204 - [LOG] Logger initialized for app.core.risk.risk_manager (component: application)
2025-08-09 09:33:22 - app.core.risk.risk_manager - INFO - risk_manager.py:128 - [RISK] RiskManager initialized
2025-08-09 09:33:22 - app.core.websocket.websocket_manager - INFO - logger.py:204 - [LOG] Logger initialized for app.core.websocket.websocket_manager (component: application)
2025-08-09 09:33:22 - app.core.websocket.websocket_manager - INFO - websocket_manager.py:95 - [OK] WebSocket Manager initialized
2025-08-09 09:33:22 - app.core.config.settings_manager - INFO - logger.py:204 - [LOG] Logger initialized for app.core.config.settings_manager (component: application)
2025-08-09 09:33:22 - app.core.config.settings_manager - INFO - settings_manager.py:272 - [OK] Environment variables loaded
2025-08-09 09:33:22 - app.core.config.settings_manager - INFO - settings_manager.py:180 - [CONFIG] Settings loaded for development environment
2025-08-09 09:33:22 - app.core.config.settings_manager - INFO - settings_manager.py:272 - [OK] Environment variables loaded
2025-08-09 09:33:22 - app.core.config.settings_manager - INFO - settings_manager.py:180 - [CONFIG] Settings loaded for development environment
2025-08-09 09:33:22 - app.core.config.settings_manager - INFO - settings_manager.py:272 - [OK] Environment variables loaded
2025-08-09 09:33:22 - app.core.config.settings_manager - INFO - settings_manager.py:180 - [CONFIG] Settings loaded for development environment
2025-08-09 09:33:22 - app.core.config.settings_manager - INFO - settings_manager.py:394 - [OK] Configuration validation passed
2025-08-09 09:34:29 - __main__ - INFO - logger.py:204 - [LOG] Logger initialized for __main__ (component: application)
2025-08-09 09:34:29 - app.main - INFO - logger.py:204 - [LOG] Logger initialized for app.main (component: application)
2025-08-09 09:34:29 - app.api.v1.endpoints.dashboard - INFO - logger.py:204 - [LOG] Logger initialized for app.api.v1.endpoints.dashboard (component: api)
2025-08-09 09:34:29 - app.core.trading.order_executor - INFO - logger.py:204 - [LOG] Logger initialized for app.core.trading.order_executor (component: trading)
2025-08-09 09:34:29 - app.core.portfolio.portfolio_manager - INFO - logger.py:204 - [LOG] Logger initialized for app.core.portfolio.portfolio_manager (component: application)
2025-08-09 09:34:29 - app.api.v1.endpoints.trading - INFO - logger.py:204 - [LOG] Logger initialized for app.api.v1.endpoints.trading (component: api)
2025-08-09 09:34:30 - app.core.wallet.wallet_connection_manager - INFO - logger.py:204 - [LOG] Logger initialized for app.core.wallet.wallet_connection_manager (component: trading)
2025-08-09 09:34:30 - app.core.database.persistence_manager - INFO - logger.py:204 - [LOG] Logger initialized for app.core.database.persistence_manager (component: database)
2025-08-09 09:34:30 - test_module - INFO - logger.py:204 - [LOG] Logger initialized for test_module (component: application)
2025-08-09 09:34:30 - test_module - INFO - test_all_features.py:377 - Test log message
2025-08-09 09:34:30 - app.core.database.persistence_manager - INFO - persistence_manager.py:179 - [DATA] Initializing persistence manager: test_db.sqlite
2025-08-09 09:34:30 - app.core.database.persistence_manager - INFO - persistence_manager.py:179 - [DATA] Initializing persistence manager: data\trading_bot.db
2025-08-09 09:34:30 - app.core.wallet.wallet_manager - INFO - logger.py:204 - [LOG] Logger initialized for app.core.wallet.wallet_manager (component: trading)
2025-08-09 09:34:30 - app.core.dex.dex_integration - INFO - logger.py:204 - [LOG] Logger initialized for app.core.dex.dex_integration (component: trading)
2025-08-09 09:34:30 - app.core.trading.trading_engine - INFO - logger.py:204 - [LOG] Logger initialized for app.core.trading.trading_engine (component: trading)
2025-08-09 09:34:30 - app.core.analytics.portfolio_analyzer - INFO - logger.py:204 - [LOG] Logger initialized for app.core.analytics.portfolio_analyzer (component: application)
2025-08-09 09:34:30 - app.core.analytics.portfolio_analyzer - INFO - portfolio_analyzer.py:85 - [ANALYTICS] PortfolioAnalyzer initialized
2025-08-09 09:34:30 - app.core.risk.risk_manager - INFO - logger.py:204 - [LOG] Logger initialized for app.core.risk.risk_manager (component: application)
2025-08-09 09:34:30 - app.core.risk.risk_manager - INFO - risk_manager.py:128 - [RISK] RiskManager initialized
2025-08-09 09:34:30 - app.core.websocket.websocket_manager - INFO - logger.py:204 - [LOG] Logger initialized for app.core.websocket.websocket_manager (component: application)
2025-08-09 09:34:30 - app.core.websocket.websocket_manager - INFO - websocket_manager.py:95 - [OK] WebSocket Manager initialized
2025-08-09 09:34:30 - app.core.config.settings_manager - INFO - logger.py:204 - [LOG] Logger initialized for app.core.config.settings_manager (component: application)
2025-08-09 09:34:30 - app.core.config.settings_manager - INFO - settings_manager.py:272 - [OK] Environment variables loaded
2025-08-09 09:34:30 - app.core.config.settings_manager - INFO - settings_manager.py:180 - [CONFIG] Settings loaded for development environment
2025-08-09 09:34:30 - app.core.config.settings_manager - INFO - settings_manager.py:272 - [OK] Environment variables loaded
2025-08-09 09:34:30 - app.core.config.settings_manager - INFO - settings_manager.py:180 - [CONFIG] Settings loaded for development environment
2025-08-09 09:34:30 - app.core.config.settings_manager - INFO - settings_manager.py:272 - [OK] Environment variables loaded
2025-08-09 09:34:30 - app.core.config.settings_manager - INFO - settings_manager.py:180 - [CONFIG] Settings loaded for development environment
2025-08-09 09:34:30 - app.core.config.settings_manager - INFO - settings_manager.py:394 - [OK] Configuration validation passed
2025-08-09 10:25:32 - app.core.security.security_manager - INFO - logger.py:204 - [LOG] Logger initialized for app.core.security.security_manager (component: application)
2025-08-09 10:27:05 - app.core.security.security_manager - INFO - logger.py:204 - [LOG] Logger initialized for app.core.security.security_manager (component: application)
2025-08-09 10:27:05 - app.core.security.security_manager - INFO - security_manager.py:129 - Wallet security initialized
2025-08-09 10:27:05 - app.core.security.security_manager - INFO - security_manager.py:214 - API authentication initialized
2025-08-09 10:27:05 - app.core.security.security_manager - INFO - security_manager.py:72 - Input validator initialized
2025-08-09 10:27:05 - app.core.security.security_manager - INFO - security_manager.py:276 - Error sanitizer initialized
2025-08-09 10:27:05 - app.core.security.security_manager - INFO - security_manager.py:72 - Input validator initialized
2025-08-09 10:27:05 - app.core.security.security_manager - INFO - security_manager.py:129 - Wallet security initialized
2025-08-09 10:27:05 - app.core.security.security_manager - INFO - security_manager.py:214 - API authentication initialized
2025-08-09 10:27:05 - app.core.security.security_manager - INFO - security_manager.py:276 - Error sanitizer initialized
2025-08-09 10:27:05 - app.core.security.security_manager - INFO - security_manager.py:310 - Security manager initialized
2025-08-09 10:31:17 - app.core.security.security_manager - INFO - logger.py:204 - [LOG] Logger initialized for app.core.security.security_manager (component: application)
2025-08-09 10:31:17 - app.core.security.security_manager - INFO - security_manager.py:130 - Wallet security initialized
2025-08-09 10:31:17 - app.core.security.security_manager - INFO - security_manager.py:232 - API authentication initialized
2025-08-09 10:31:17 - app.core.security.security_manager - INFO - security_manager.py:61 - Input validator initialized
2025-08-09 10:31:17 - app.core.security.security_manager - INFO - security_manager.py:303 - Error sanitizer initialized
2025-08-09 10:31:17 - app.core.security.security_manager - INFO - security_manager.py:61 - Input validator initialized
2025-08-09 10:31:17 - app.core.security.security_manager - INFO - security_manager.py:130 - Wallet security initialized
2025-08-09 10:31:17 - app.core.security.security_manager - INFO - security_manager.py:232 - API authentication initialized
2025-08-09 10:31:17 - app.core.security.security_manager - INFO - security_manager.py:303 - Error sanitizer initialized
2025-08-09 10:31:17 - app.core.security.security_manager - INFO - security_manager.py:342 - Security manager initialized
2025-08-09 10:31:17 - app.middleware.security_middleware - INFO - logger.py:204 - [LOG] Logger initialized for app.middleware.security_middleware (component: application)
2025-08-09 10:31:17 - app.api.v1.endpoints.security - INFO - logger.py:204 - [LOG] Logger initialized for app.api.v1.endpoints.security (component: api)
2025-08-09 10:39:28 - app.core.security.security_manager - INFO - logger.py:204 - [LOG] Logger initialized for app.core.security.security_manager (component: application)
2025-08-09 10:39:28 - test - INFO - logger.py:204 - [LOG] Logger initialized for test (component: application)
2025-08-09 10:39:28 - test - INFO - run_all_tests.py:105 - Test log message
2025-08-09 10:39:30 - app.models.database - INFO - logger.py:204 - [LOG] Logger initialized for app.models.database (component: database)
2025-08-09 10:39:30 - app.models.database - INFO - database.py:33 - [OK] Database models initialized
2025-08-09 10:39:30 - app.core.trading.risk_manager - INFO - logger.py:204 - [LOG] Logger initialized for app.core.trading.risk_manager (component: trading)
2025-08-09 10:39:31 - app.core.config.settings_manager - INFO - logger.py:204 - [LOG] Logger initialized for app.core.config.settings_manager (component: application)
2025-08-09 10:39:31 - app.api.v1.endpoints.dashboard - INFO - logger.py:204 - [LOG] Logger initialized for app.api.v1.endpoints.dashboard (component: api)
2025-08-09 10:39:31 - app.core.config.settings_manager - INFO - settings_manager.py:272 - [OK] Environment variables loaded
2025-08-09 10:39:31 - app.core.config.settings_manager - INFO - settings_manager.py:180 - [CONFIG] Settings loaded for development environment
2025-08-09 10:39:31 - app.core.config.settings_manager - INFO - settings_manager.py:394 - [OK] Configuration validation passed
2025-08-09 10:39:31 - app.core.security.security_manager - INFO - security_manager.py:61 - Input validator initialized
2025-08-09 10:39:31 - app.core.security.security_manager - INFO - security_manager.py:130 - Wallet security initialized
2025-08-09 10:39:31 - app.core.security.security_manager - INFO - security_manager.py:232 - API authentication initialized
2025-08-09 10:39:31 - app.core.security.security_manager - INFO - security_manager.py:303 - Error sanitizer initialized
2025-08-09 10:39:31 - app.core.security.security_manager - INFO - security_manager.py:342 - Security manager initialized
2025-08-09 10:44:58 - app.core.security.security_manager - INFO - logger.py:204 - [LOG] Logger initialized for app.core.security.security_manager (component: application)
2025-08-09 10:44:58 - test - INFO - logger.py:204 - [LOG] Logger initialized for test (component: application)
2025-08-09 10:44:58 - test - INFO - run_all_tests.py:105 - Test log message
2025-08-09 10:44:58 - app.core.database.persistence_manager - INFO - logger.py:204 - [LOG] Logger initialized for app.core.database.persistence_manager (component: database)
2025-08-09 10:44:58 - app.core.trading.trading_engine - INFO - logger.py:204 - [LOG] Logger initialized for app.core.trading.trading_engine (component: trading)
2025-08-09 10:44:58 - app.core.trading.order_executor - INFO - logger.py:204 - [LOG] Logger initialized for app.core.trading.order_executor (component: trading)
2025-08-09 10:44:58 - app.core.portfolio.portfolio_manager - INFO - logger.py:204 - [LOG] Logger initialized for app.core.portfolio.portfolio_manager (component: application)
2025-08-09 10:44:58 - app.models.database - INFO - logger.py:204 - [LOG] Logger initialized for app.models.database (component: database)
2025-08-09 10:44:58 - app.models.database - INFO - database.py:33 - [OK] Database models initialized
2025-08-09 10:44:58 - app.core.trading.risk_manager - INFO - logger.py:204 - [LOG] Logger initialized for app.core.trading.risk_manager (component: trading)
2025-08-09 10:44:59 - app.main - INFO - logger.py:204 - [LOG] Logger initialized for app.main (component: application)
2025-08-09 10:44:59 - app.api.v1.endpoints.dashboard - INFO - logger.py:204 - [LOG] Logger initialized for app.api.v1.endpoints.dashboard (component: api)
2025-08-09 10:44:59 - app.api.v1.endpoints.trading - INFO - logger.py:204 - [LOG] Logger initialized for app.api.v1.endpoints.trading (component: trading)
2025-08-09 10:44:59 - app.utils.websocket_manager - INFO - logger.py:204 - [LOG] Logger initialized for app.utils.websocket_manager (component: application)
2025-08-09 10:44:59 - app.core.config.settings_manager - INFO - logger.py:204 - [LOG] Logger initialized for app.core.config.settings_manager (component: application)
2025-08-09 10:44:59 - app.core.config.settings_manager - INFO - settings_manager.py:272 - [OK] Environment variables loaded
2025-08-09 10:44:59 - app.core.config.settings_manager - INFO - settings_manager.py:180 - [CONFIG] Settings loaded for development environment
2025-08-09 10:44:59 - app.core.config.settings_manager - INFO - settings_manager.py:394 - [OK] Configuration validation passed
2025-08-09 10:44:59 - app.core.security.security_manager - INFO - security_manager.py:61 - Input validator initialized
2025-08-09 10:44:59 - app.core.security.security_manager - INFO - security_manager.py:130 - Wallet security initialized
2025-08-09 10:44:59 - app.core.security.security_manager - INFO - security_manager.py:232 - API authentication initialized
2025-08-09 10:44:59 - app.core.security.security_manager - INFO - security_manager.py:303 - Error sanitizer initialized
2025-08-09 10:44:59 - app.core.security.security_manager - INFO - security_manager.py:342 - Security manager initialized
2025-08-09 10:52:52 - app.core.security.security_manager - INFO - logger.py:204 - [LOG] Logger initialized for app.core.security.security_manager (component: application)
2025-08-09 10:52:52 - test - INFO - logger.py:204 - [LOG] Logger initialized for test (component: application)
2025-08-09 10:52:52 - test - INFO - run_all_tests.py:105 - Test log message
2025-08-09 10:52:52 - app.core.database.persistence_manager - INFO - logger.py:204 - [LOG] Logger initialized for app.core.database.persistence_manager (component: database)
2025-08-09 10:52:52 - app.core.trading.trading_engine - INFO - logger.py:204 - [LOG] Logger initialized for app.core.trading.trading_engine (component: trading)
2025-08-09 10:52:52 - app.core.trading.order_executor - INFO - logger.py:204 - [LOG] Logger initialized for app.core.trading.order_executor (component: trading)
2025-08-09 10:52:52 - app.core.trading.order_executor - INFO - order_executor.py:41 - [LOG] OrderExecutor initialized
2025-08-09 10:52:52 - app.core.portfolio.portfolio_manager - INFO - logger.py:204 - [LOG] Logger initialized for app.core.portfolio.portfolio_manager (component: application)
2025-08-09 10:52:52 - app.models.database - INFO - logger.py:204 - [LOG] Logger initialized for app.models.database (component: database)
2025-08-09 10:52:52 - app.models.database - INFO - database.py:33 - [OK] Database models initialized
2025-08-09 10:52:52 - app.core.trading.risk_manager - INFO - logger.py:204 - [LOG] Logger initialized for app.core.trading.risk_manager (component: trading)
2025-08-09 10:52:53 - app.main - INFO - logger.py:204 - [LOG] Logger initialized for app.main (component: application)
2025-08-09 10:52:53 - app.main - WARNING - main.py:44 - [WARN] Dashboard router not available: No module named 'app.core.utils'
2025-08-09 10:52:53 - app.api.v1.endpoints.trading - INFO - logger.py:204 - [LOG] Logger initialized for app.api.v1.endpoints.trading (component: trading)
2025-08-09 10:52:53 - app.main - INFO - main.py:49 - [OK] Trading router included
2025-08-09 10:52:53 - app.utils.websocket_manager - INFO - logger.py:204 - [LOG] Logger initialized for app.utils.websocket_manager (component: application)
2025-08-09 10:52:53 - app.utils.websocket_manager - INFO - websocket_manager.py:24 - [WS] WebSocketManager initialized
2025-08-09 10:52:53 - app.core.config.settings_manager - INFO - logger.py:204 - [LOG] Logger initialized for app.core.config.settings_manager (component: application)
2025-08-09 10:52:53 - app.core.config.settings_manager - INFO - settings_manager.py:272 - [OK] Environment variables loaded
2025-08-09 10:52:53 - app.core.config.settings_manager - INFO - settings_manager.py:180 - [CONFIG] Settings loaded for development environment
2025-08-09 10:52:53 - app.core.config.settings_manager - INFO - settings_manager.py:394 - [OK] Configuration validation passed
2025-08-09 10:52:53 - app.core.security.security_manager - INFO - security_manager.py:61 - Input validator initialized
2025-08-09 10:52:53 - app.core.security.security_manager - INFO - security_manager.py:130 - Wallet security initialized
2025-08-09 10:52:53 - app.core.security.security_manager - INFO - security_manager.py:232 - API authentication initialized
2025-08-09 10:52:53 - app.core.security.security_manager - INFO - security_manager.py:303 - Error sanitizer initialized
2025-08-09 10:52:53 - app.core.security.security_manager - INFO - security_manager.py:342 - Security manager initialized
2025-08-09 10:53:30 - app.main - INFO - logger.py:204 - [LOG] Logger initialized for app.main (component: application)
2025-08-09 10:53:30 - app.main - WARNING - main.py:44 - [WARN] Dashboard router not available: No module named 'app.core.utils'
2025-08-09 10:53:30 - app.api.v1.endpoints.trading - INFO - logger.py:204 - [LOG] Logger initialized for app.api.v1.endpoints.trading (component: trading)
2025-08-09 10:53:30 - app.main - INFO - main.py:49 - [OK] Trading router included
2025-08-09 10:54:44 - app.main - INFO - logger.py:204 - [LOG] Logger initialized for app.main (component: application)
2025-08-09 10:54:44 - app.main - WARNING - main.py:44 - [WARN] Dashboard router not available: No module named 'app.core.utils'
2025-08-09 10:54:44 - app.api.v1.endpoints.trading - INFO - logger.py:204 - [LOG] Logger initialized for app.api.v1.endpoints.trading (component: trading)
2025-08-09 10:54:44 - app.main - INFO - main.py:49 - [OK] Trading router included
2025-08-09 10:56:33 - app.main - INFO - logger.py:204 - [LOG] Logger initialized for app.main (component: application)
2025-08-09 10:56:33 - app.main - WARNING - main.py:44 - [WARN] Dashboard router not available: No module named 'app.core.utils'
2025-08-09 10:56:33 - app.api.v1.endpoints.trading - INFO - logger.py:204 - [LOG] Logger initialized for app.api.v1.endpoints.trading (component: trading)
2025-08-09 10:56:33 - app.main - INFO - main.py:49 - [OK] Trading router included
2025-08-09 10:56:51 - app.main - INFO - logger.py:204 - [LOG] Logger initialized for app.main (component: application)
2025-08-09 10:56:51 - app.main - INFO - main.py:42 - [OK] Dashboard router included
2025-08-09 10:56:51 - app.api.v1.endpoints.trading - INFO - logger.py:204 - [LOG] Logger initialized for app.api.v1.endpoints.trading (component: trading)
2025-08-09 10:56:51 - app.main - INFO - main.py:49 - [OK] Trading router included
2025-08-09 10:58:07 - app.main - INFO - logger.py:204 - [LOG] Logger initialized for app.main (component: application)
2025-08-09 10:58:07 - app.main - INFO - main.py:42 - [OK] Dashboard router included
2025-08-09 10:58:07 - app.api.v1.endpoints.trading - INFO - logger.py:204 - [LOG] Logger initialized for app.api.v1.endpoints.trading (component: trading)
2025-08-09 10:58:07 - app.main - INFO - main.py:49 - [OK] Trading router included
2025-08-09 10:58:29 - app.main - INFO - logger.py:204 - [LOG] Logger initialized for app.main (component: application)
2025-08-09 10:58:29 - app.main - INFO - main.py:42 - [OK] Dashboard router included
2025-08-09 10:58:29 - app.api.v1.endpoints.trading - INFO - logger.py:204 - [LOG] Logger initialized for app.api.v1.endpoints.trading (component: trading)
2025-08-09 10:58:29 - app.main - INFO - main.py:49 - [OK] Trading router included
2025-08-09 10:59:28 - app.main - INFO - logger.py:204 - [LOG] Logger initialized for app.main (component: application)
2025-08-09 10:59:28 - app.main - INFO - main.py:44 - [OK] Dashboard router included
2025-08-09 10:59:28 - app.api.v1.endpoints.trading - INFO - logger.py:204 - [LOG] Logger initialized for app.api.v1.endpoints.trading (component: trading)
2025-08-09 10:59:28 - app.main - INFO - main.py:51 - [OK] Trading router included
2025-08-09 11:00:40 - app.main - INFO - logger.py:204 - [LOG] Logger initialized for app.main (component: application)
2025-08-09 11:00:40 - app.main - INFO - main.py:44 - [OK] Dashboard router included
2025-08-09 11:00:40 - app.api.v1.endpoints.trading - INFO - logger.py:204 - [LOG] Logger initialized for app.api.v1.endpoints.trading (component: trading)
2025-08-09 11:00:40 - app.main - INFO - main.py:51 - [OK] Trading router included
2025-08-09 11:02:56 - app.main - INFO - logger.py:204 - [LOG] Logger initialized for app.main (component: application)
2025-08-09 11:02:56 - app.main - INFO - main.py:44 - [OK] Dashboard router included
2025-08-09 11:02:56 - app.api.v1.endpoints.trading - INFO - logger.py:204 - [LOG] Logger initialized for app.api.v1.endpoints.trading (component: trading)
2025-08-09 11:02:56 - app.main - INFO - main.py:51 - [OK] Trading router included
2025-08-09 11:09:55 - app.api.v1.endpoints.trading - INFO - logger.py:204 - [LOG] Logger initialized for app.api.v1.endpoints.trading (component: trading)
2025-08-09 11:14:43 - app.api.v1.endpoints.trading - INFO - logger.py:204 - [LOG] Logger initialized for app.api.v1.endpoints.trading (component: trading)
2025-08-09 11:15:19 - app.api.v1.endpoints.trading - INFO - logger.py:204 - [LOG] Logger initialized for app.api.v1.endpoints.trading (component: trading)
2025-08-09 11:18:48 - app.api.v1.endpoints.tokens - INFO - logger.py:204 - [LOG] Logger initialized for app.api.v1.endpoints.tokens (component: api)
2025-08-09 11:18:48 - app.api.v1.endpoints.trading - INFO - logger.py:204 - [LOG] Logger initialized for app.api.v1.endpoints.trading (component: trading)
2025-08-09 11:19:39 - app.api.v1.endpoints.tokens - INFO - tokens.py:63 - [SEARCH] Token discovery request: networks=['Ethereum', 'Polygon', 'BSC', 'Arbitrum'], limit=20
2025-08-09 11:19:39 - app.api.v1.endpoints.tokens - INFO - tokens.py:112 - [OK] Generated 20 tokens for discovery response
2025-08-09 11:20:00 - app.api.v1.endpoints.tokens - INFO - tokens.py:63 - [SEARCH] Token discovery request: networks=['Ethereum', 'Polygon', 'BSC', 'Arbitrum'], limit=10
2025-08-09 11:20:00 - app.api.v1.endpoints.tokens - INFO - tokens.py:112 - [OK] Generated 10 tokens for discovery response
2025-08-09 11:20:11 - app.api.v1.endpoints.tokens - INFO - tokens.py:63 - [SEARCH] Token discovery request: networks=['Ethereum', 'Polygon', 'BSC', 'Arbitrum'], limit=10
2025-08-09 11:20:11 - app.api.v1.endpoints.tokens - INFO - tokens.py:112 - [OK] Generated 10 tokens for discovery response
2025-08-09 11:22:05 - app.api.v1.endpoints.tokens - INFO - logger.py:204 - [LOG] Logger initialized for app.api.v1.endpoints.tokens (component: api)
2025-08-09 11:22:05 - app.api.v1.endpoints.trading - INFO - logger.py:204 - [LOG] Logger initialized for app.api.v1.endpoints.trading (component: trading)
2025-08-09 11:22:45 - app.api.v1.endpoints.tokens - INFO - logger.py:204 - [LOG] Logger initialized for app.api.v1.endpoints.tokens (component: api)
2025-08-09 11:22:45 - app.api.v1.endpoints.trading - INFO - logger.py:204 - [LOG] Logger initialized for app.api.v1.endpoints.trading (component: trading)
2025-08-09 11:23:11 - app.api.v1.endpoints.trading - INFO - logger.py:204 - [LOG] Logger initialized for app.api.v1.endpoints.trading (component: trading)
2025-08-09 11:25:54 - app.api.v1.endpoints.trading - INFO - logger.py:204 - [LOG] Logger initialized for app.api.v1.endpoints.trading (component: trading)
2025-08-09 11:26:49 - app.api.v1.endpoints.trading - INFO - logger.py:204 - [LOG] Logger initialized for app.api.v1.endpoints.trading (component: trading)
2025-08-09 11:30:39 - app.api.v1.endpoints.trading - INFO - logger.py:204 - [LOG] Logger initialized for app.api.v1.endpoints.trading (component: trading)
2025-08-09 11:33:37 - app.api.v1.endpoints.trading - INFO - logger.py:204 - [LOG] Logger initialized for app.api.v1.endpoints.trading (component: trading)
2025-08-09 11:33:42 - app.api.v1.endpoints.trading - INFO - logger.py:204 - [LOG] Logger initialized for app.api.v1.endpoints.trading (component: trading)
2025-08-09 11:34:10 - app.api.v1.endpoints.trading - INFO - logger.py:204 - [LOG] Logger initialized for app.api.v1.endpoints.trading (component: trading)
