2025-08-09 08:11:31 - test.windows - ERROR - test_windows_logging.py:29 - [ERROR] This is a test error
2025-08-09 09:00:47 - app.core.database.persistence_manager - ERROR - persistence_manager.py:210 - [ERROR] Database initialization failed: 'PersistenceManager' object has no attribute '_verify_tables'
2025-08-09 13:05:49 - __main__ - ERROR - test_phase_4c_integration.py:113 -    Reason: AI Risk Assessor import failed: cannot import name 'AIAnalysisError' from 'app.core.exceptions' (D:\dex_sniping\dex_sniping_project\app\core\exceptions.py)
2025-08-09 13:05:49 - __main__ - ERROR - test_phase_4c_integration.py:113 -    Reason: Honeypot detection test failed: cannot import name 'AIAnalysisError' from 'app.core.exceptions' (D:\dex_sniping\dex_sniping_project\app\core\exceptions.py)
2025-08-09 13:05:49 - __main__ - ERROR - test_phase_4c_integration.py:113 -    Reason: Sentiment analysis test failed: cannot import name 'AIAnalysisError' from 'app.core.exceptions' (D:\dex_sniping\dex_sniping_project\app\core\exceptions.py)
2025-08-09 13:05:49 - __main__ - ERROR - test_phase_4c_integration.py:113 -    Reason: Comprehensive risk assessment failed: cannot import name 'AIAnalysisError' from 'app.core.exceptions' (D:\dex_sniping\dex_sniping_project\app\core\exceptions.py)
2025-08-09 13:05:49 - __main__ - ERROR - test_phase_4c_integration.py:113 -    Reason: WebSocket manager initialization failed: TRADING_STATUS not in dict_values(['trading_status', 'portfolio_update', 'token_discovery', 'arbitrage_alert', 'trade_execution', 'system_health', 'heartbeat', 'error'])
2025-08-09 13:05:49 - __main__ - ERROR - test_phase_4c_integration.py:113 -    Reason: WebSocket message structure test failed: 'WebSocketMessage' object has no attribute 'to_json'
2025-08-09 13:05:49 - __main__ - ERROR - test_phase_4c_integration.py:113 -    Reason: Live dashboard service test failed: 'LiveDashboardService' object has no attribute 'initialize'
2025-08-09 13:05:49 - __main__ - ERROR - test_phase_4c_integration.py:113 -    Reason: Real-time streaming test failed: cannot import name 'PortfolioSnapshot' from 'app.core.integration.live_dashboard_service' (D:\dex_sniping\dex_sniping_project\app\core\integration\live_dashboard_service.py)
2025-08-09 13:05:49 - __main__ - ERROR - test_phase_4c_integration.py:113 -    Reason: Grid strategy creation failed: cannot import name 'TradingSignal' from 'app.core.trading.trading_engine' (D:\dex_sniping\dex_sniping_project\app\core\trading\trading_engine.py)
2025-08-09 13:05:49 - __main__ - ERROR - test_phase_4c_integration.py:113 -    Reason: Arbitrage detection failed: cannot import name 'TradingSignal' from 'app.core.trading.trading_engine' (D:\dex_sniping\dex_sniping_project\app\core\trading\trading_engine.py)
2025-08-09 13:05:49 - __main__ - ERROR - test_phase_4c_integration.py:113 -    Reason: Strategy execution test failed: cannot import name 'TradingSignal' from 'app.core.trading.trading_engine' (D:\dex_sniping\dex_sniping_project\app\core\trading\trading_engine.py)
2025-08-09 13:05:49 - __main__ - ERROR - test_phase_4c_integration.py:113 -    Reason: Performance tracking test failed: cannot import name 'TradingSignal' from 'app.core.trading.trading_engine' (D:\dex_sniping\dex_sniping_project\app\core\trading\trading_engine.py)
2025-08-09 13:05:49 - __main__ - ERROR - test_phase_4c_integration.py:113 -    Reason: Multi-chain manager initialization failed: cannot import name 'TokenInfo' from 'app.core.blockchain.base_chain' (D:\dex_sniping\dex_sniping_project\app\core\blockchain\base_chain.py)
2025-08-09 13:05:49 - __main__ - ERROR - test_phase_4c_integration.py:113 -    Reason: Cross-chain operations test failed: cannot import name 'TokenInfo' from 'app.core.blockchain.base_chain' (D:\dex_sniping\dex_sniping_project\app\core\blockchain\base_chain.py)
2025-08-09 13:05:49 - __main__ - ERROR - test_phase_4c_integration.py:113 -    Reason: Bridge functionality test failed: cannot import name 'TokenInfo' from 'app.core.blockchain.base_chain' (D:\dex_sniping\dex_sniping_project\app\core\blockchain\base_chain.py)
2025-08-09 13:05:49 - __main__ - ERROR - test_phase_4c_integration.py:113 -    Reason: Unified portfolio tracking test failed: cannot import name 'TokenInfo' from 'app.core.blockchain.base_chain' (D:\dex_sniping\dex_sniping_project\app\core\blockchain\base_chain.py)
2025-08-09 13:05:49 - __main__ - ERROR - test_phase_4c_integration.py:113 -    Reason: Cross-component communication failed: cannot import name 'AIAnalysisError' from 'app.core.exceptions' (D:\dex_sniping\dex_sniping_project\app\core\exceptions.py)
2025-08-09 13:05:49 - __main__ - ERROR - test_phase_4c_integration.py:113 -    Reason: Advanced error handling test failed: cannot import name 'AIAnalysisError' from 'app.core.exceptions' (D:\dex_sniping\dex_sniping_project\app\core\exceptions.py)
2025-08-09 13:05:49 - __main__ - ERROR - test_phase_4c_integration.py:113 -    Reason: Graceful degradation test failed: cannot import name 'TradingSignal' from 'app.core.trading.trading_engine' (D:\dex_sniping\dex_sniping_project\app\core\trading\trading_engine.py)
2025-08-09 13:05:49 - __main__ - ERROR - test_phase_4c_integration.py:113 -    Reason: System health monitoring test failed: cannot import name 'TokenInfo' from 'app.core.blockchain.base_chain' (D:\dex_sniping\dex_sniping_project\app\core\blockchain\base_chain.py)
